[inst #1] auipc x10,64528
Register Write to Reg: 0x0A Val: 0x10010000
[inst #2] addi x10,x10,0
Register Write to Reg: 0x0A Val: 0x10010000
[inst #3] auipc x11,64528
Register Write to Reg: 0x0B Val: 0x10010008
[inst #4] lw x11,24(x11)
Register Write to Reg: 0x0B Val: 0x00000008
[inst #5] jal x1,12
Register Write to Reg: 0x01 Val: 0x00400014
[inst #6] addi x5,x0,1
Register Write to Reg: 0x05 Val: 0x00000001
[inst #7] bge x5,x11,228
[inst #8] addi x2,x2,-32
Register Write to Reg: 0x02 Val: 0x7FFFEFDC
[inst #9] sw x1,28(x2)
Memory Write to Addr: 0x7FFFEFF8 Val: 0x00400014
[inst #10] sw x8,24(x2)
Memory Write to Addr: 0x7FFFEFF4 Val: 0x00000000
[inst #11] sw x9,20(x2)
Memory Write to Addr: 0x7FFFEFF0 Val: 0x00000000
[inst #12] sw x18,16(x2)
Memory Write to Addr: 0x7FFFEFEC Val: 0x00000000
[inst #13] add x8,x0,x10
Register Write to Reg: 0x08 Val: 0x10010000
[inst #14] add x9,x0,x11
Register Write to Reg: 0x09 Val: 0x00000008
[inst #15] srai x18,x9,1
Register Write to Reg: 0x12 Val: 0x00000004
[inst #16] add x10,x0,x8
Register Write to Reg: 0x0A Val: 0x10010000
[inst #17] add x11,x0,x18
Register Write to Reg: 0x0B Val: 0x00000004
[inst #18] jal x1,-48
Register Write to Reg: 0x01 Val: 0x00400050
[inst #19] addi x5,x0,1
Register Write to Reg: 0x05 Val: 0x00000001
[inst #20] bge x5,x11,228
[inst #21] addi x2,x2,-32
Register Write to Reg: 0x02 Val: 0x7FFFEFBC
[inst #22] sw x1,28(x2)
Memory Write to Addr: 0x7FFFEFD8 Val: 0x00400050
[inst #23] sw x8,24(x2)
Memory Write to Addr: 0x7FFFEFD4 Val: 0x10010000
[inst #24] sw x9,20(x2)
Memory Write to Addr: 0x7FFFEFD0 Val: 0x00000008
[inst #25] sw x18,16(x2)
Memory Write to Addr: 0x7FFFEFCC Val: 0x00000004
[inst #26] add x8,x0,x10
Register Write to Reg: 0x08 Val: 0x10010000
[inst #27] add x9,x0,x11
Register Write to Reg: 0x09 Val: 0x00000004
[inst #28] srai x18,x9,1
Register Write to Reg: 0x12 Val: 0x00000002
[inst #29] add x10,x0,x8
Register Write to Reg: 0x0A Val: 0x10010000
[inst #30] add x11,x0,x18
Register Write to Reg: 0x0B Val: 0x00000002
[inst #31] jal x1,-48
Register Write to Reg: 0x01 Val: 0x00400050
[inst #32] addi x5,x0,1
Register Write to Reg: 0x05 Val: 0x00000001
[inst #33] bge x5,x11,228
[inst #34] addi x2,x2,-32
Register Write to Reg: 0x02 Val: 0x7FFFEF9C
[inst #35] sw x1,28(x2)
Memory Write to Addr: 0x7FFFEFB8 Val: 0x00400050
[inst #36] sw x8,24(x2)
Memory Write to Addr: 0x7FFFEFB4 Val: 0x10010000
[inst #37] sw x9,20(x2)
Memory Write to Addr: 0x7FFFEFB0 Val: 0x00000004
[inst #38] sw x18,16(x2)
Memory Write to Addr: 0x7FFFEFAC Val: 0x00000002
[inst #39] add x8,x0,x10
Register Write to Reg: 0x08 Val: 0x10010000
[inst #40] add x9,x0,x11
Register Write to Reg: 0x09 Val: 0x00000002
[inst #41] srai x18,x9,1
Register Write to Reg: 0x12 Val: 0x00000001
[inst #42] add x10,x0,x8
Register Write to Reg: 0x0A Val: 0x10010000
[inst #43] add x11,x0,x18
Register Write to Reg: 0x0B Val: 0x00000001
[inst #44] jal x1,-48
Register Write to Reg: 0x01 Val: 0x00400050
[inst #45] addi x5,x0,1
Register Write to Reg: 0x05 Val: 0x00000001
[inst #46] bge x5,x11,228
[inst #47] jalr x0,x1,0
Register Write to Reg: 0x00 Val: 0x00400108
[inst #48] sub x5,x9,x18
Register Write to Reg: 0x05 Val: 0x00000001
[inst #49] slli x6,x18,2
Register Write to Reg: 0x06 Val: 0x00000004
[inst #50] add x7,x8,x6
Register Write to Reg: 0x07 Val: 0x10010004
[inst #51] add x10,x0,x7
Register Write to Reg: 0x0A Val: 0x10010004
[inst #52] add x11,x0,x5
Register Write to Reg: 0x0B Val: 0x00000001
[inst #53] jal x1,-72
Register Write to Reg: 0x01 Val: 0x00400068
[inst #54] addi x5,x0,1
Register Write to Reg: 0x05 Val: 0x00000001
[inst #55] bge x5,x11,228
[inst #56] jalr x0,x1,0
Register Write to Reg: 0x00 Val: 0x00400108
[inst #57] slli x5,x9,2
Register Write to Reg: 0x05 Val: 0x00000008
[inst #58] sub x2,x2,x5
Register Write to Reg: 0x02 Val: 0x7FFFEF94
[inst #59] add x6,x0,x2
Register Write to Reg: 0x06 Val: 0x7FFFEF94
[inst #60] slli x7,x18,2
Register Write to Reg: 0x07 Val: 0x00000004
[inst #61] add x28,x6,x7
Register Write to Reg: 0x1C Val: 0x7FFFEF98
[inst #62] addi x29,x0,0
Register Write to Reg: 0x1D Val: 0x00000000
[inst #63] bge x29,x18,32
[inst #64] slli x30,x29,2
Register Write to Reg: 0x1E Val: 0x00000000
[inst #65] add x31,x8,x30
Register Write to Reg: 0x1F Val: 0x10010000
[inst #66] lw x10,0(x31)
Register Write to Reg: 0x0A Val: 0x00000026
[inst #67] add x31,x6,x30
Register Write to Reg: 0x1F Val: 0x7FFFEF94
[inst #68] sw x10,0(x31)
Memory Write to Addr: 0x7FFFEF94 Val: 0x00000026
[inst #69] addi x29,x29,1
Register Write to Reg: 0x1D Val: 0x00000001
[inst #70] jal x0,-28
Register Write to Reg: 0x00 Val: 0x004000A0
[inst #71] bge x29,x18,32
[inst #72] sub x5,x9,x18
Register Write to Reg: 0x05 Val: 0x00000001
[inst #73] addi x29,x0,0
Register Write to Reg: 0x1D Val: 0x00000000
[inst #74] bge x29,x5,40
[inst #75] add x30,x18,x29
Register Write to Reg: 0x1E Val: 0x00000001
[inst #76] slli x30,x30,2
Register Write to Reg: 0x1E Val: 0x00000004
[inst #77] add x31,x8,x30
Register Write to Reg: 0x1F Val: 0x10010004
[inst #78] lw x10,0(x31)
Register Write to Reg: 0x0A Val: 0x0000001B
[inst #79] slli x30,x29,2
Register Write to Reg: 0x1E Val: 0x00000000
[inst #80] add x31,x28,x30
Register Write to Reg: 0x1F Val: 0x7FFFEF98
[inst #81] sw x10,0(x31)
Memory Write to Addr: 0x7FFFEF98 Val: 0x0000001B
[inst #82] addi x29,x29,1
Register Write to Reg: 0x1D Val: 0x00000001
[inst #83] jal x0,-36
Register Write to Reg: 0x00 Val: 0x004000D0
[inst #84] bge x29,x5,40
[inst #85] add x10,x0,x8
Register Write to Reg: 0x0A Val: 0x10010000
[inst #86] add x11,x0,x6
Register Write to Reg: 0x0B Val: 0x7FFFEF94
[inst #87] add x12,x0,x28
Register Write to Reg: 0x0C Val: 0x7FFFEF98
[inst #88] add x13,x0,x18
Register Write to Reg: 0x0D Val: 0x00000001
[inst #89] sub x14,x9,x18
Register Write to Reg: 0x0E Val: 0x00000001
[inst #90] jal x1,36
Register Write to Reg: 0x01 Val: 0x004000E8
[inst #91] addi x2,x2,-32
Register Write to Reg: 0x02 Val: 0x7FFFEF74
[inst #92] sw x1,28(x2)
Memory Write to Addr: 0x7FFFEF90 Val: 0x004000E8
[inst #93] sw x8,24(x2)
Memory Write to Addr: 0x7FFFEF8C Val: 0x10010000
[inst #94] sw x18,20(x2)
Memory Write to Addr: 0x7FFFEF88 Val: 0x00000001
[inst #95] sw x19,16(x2)
Memory Write to Addr: 0x7FFFEF84 Val: 0x00000000
[inst #96] sw x20,12(x2)
Memory Write to Addr: 0x7FFFEF80 Val: 0x00000000
[inst #97] sw x21,8(x2)
Memory Write to Addr: 0x7FFFEF7C Val: 0x00000000
[inst #98] sw x22,4(x2)
Memory Write to Addr: 0x7FFFEF78 Val: 0x00000000
[inst #99] sw x23,0(x2)
Memory Write to Addr: 0x7FFFEF74 Val: 0x00000000
[inst #100] add x8,x0,x10
Register Write to Reg: 0x08 Val: 0x10010000
[inst #101] add x19,x0,x11
Register Write to Reg: 0x13 Val: 0x7FFFEF94
[inst #102] add x20,x0,x12
Register Write to Reg: 0x14 Val: 0x7FFFEF98
[inst #103] add x18,x0,x13
Register Write to Reg: 0x12 Val: 0x00000001
[inst #104] addi x21,x0,0
Register Write to Reg: 0x15 Val: 0x00000000
[inst #105] addi x22,x0,0
Register Write to Reg: 0x16 Val: 0x00000000
[inst #106] addi x23,x0,0
Register Write to Reg: 0x17 Val: 0x00000000
[inst #107] bge x21,x18,120
[inst #108] bge x22,x14,76
[inst #109] slli x5,x21,2
Register Write to Reg: 0x05 Val: 0x00000000
[inst #110] add x6,x19,x5
Register Write to Reg: 0x06 Val: 0x7FFFEF94
[inst #111] lw x7,0(x6)
Register Write to Reg: 0x07 Val: 0x00000026
[inst #112] slli x5,x22,2
Register Write to Reg: 0x05 Val: 0x00000000
[inst #113] add x6,x20,x5
Register Write to Reg: 0x06 Val: 0x7FFFEF98
[inst #114] lw x28,0(x6)
Register Write to Reg: 0x1C Val: 0x0000001B
[inst #115] blt x28,x7,24
[inst #116] slli x5,x23,2
Register Write to Reg: 0x05 Val: 0x00000000
[inst #117] add x6,x8,x5
Register Write to Reg: 0x06 Val: 0x10010000
[inst #118] sw x28,0(x6)
Memory Write to Addr: 0x10010000 Val: 0x0000001B
[inst #119] addi x22,x22,1
Register Write to Reg: 0x16 Val: 0x00000001
[inst #120] addi x23,x23,1
Register Write to Reg: 0x17 Val: 0x00000001
[inst #121] jal x0,-76
Register Write to Reg: 0x00 Val: 0x00400198
[inst #122] bge x21,x18,120
[inst #123] bge x22,x14,76
[inst #124] bge x21,x18,80
[inst #125] slli x5,x21,2
Register Write to Reg: 0x05 Val: 0x00000000
[inst #126] add x6,x19,x5
Register Write to Reg: 0x06 Val: 0x7FFFEF94
[inst #127] lw x7,0(x6)
Register Write to Reg: 0x07 Val: 0x00000026
[inst #128] slli x5,x23,2
Register Write to Reg: 0x05 Val: 0x00000004
[inst #129] add x6,x8,x5
Register Write to Reg: 0x06 Val: 0x10010004
[inst #130] sw x7,0(x6)
Memory Write to Addr: 0x10010004 Val: 0x00000026
[inst #131] addi x21,x21,1
Register Write to Reg: 0x15 Val: 0x00000001
[inst #132] addi x23,x23,1
Register Write to Reg: 0x17 Val: 0x00000002
[inst #133] jal x0,-36
Register Write to Reg: 0x00 Val: 0x004001C0
[inst #134] bge x21,x18,80
[inst #135] lw x1,28(x2)
Register Write to Reg: 0x01 Val: 0x004000E8
[inst #136] lw x8,24(x2)
Register Write to Reg: 0x08 Val: 0x10010000
[inst #137] lw x18,20(x2)
Register Write to Reg: 0x12 Val: 0x00000001
[inst #138] lw x19,16(x2)
Register Write to Reg: 0x13 Val: 0x00000000
[inst #139] lw x20,12(x2)
Register Write to Reg: 0x14 Val: 0x00000000
[inst #140] lw x21,8(x2)
Register Write to Reg: 0x15 Val: 0x00000000
[inst #141] lw x22,4(x2)
Register Write to Reg: 0x16 Val: 0x00000000
[inst #142] lw x23,0(x2)
Register Write to Reg: 0x17 Val: 0x00000000
[inst #143] addi x2,x2,32
Register Write to Reg: 0x02 Val: 0x7FFFEF94
[inst #144] jalr x0,x1,0
Register Write to Reg: 0x00 Val: 0x00400210
[inst #145] slli x5,x9,2
Register Write to Reg: 0x05 Val: 0x00000008
[inst #146] add x2,x2,x5
Register Write to Reg: 0x02 Val: 0x7FFFEF9C
[inst #147] lw x1,28(x2)
Register Write to Reg: 0x01 Val: 0x00400050
[inst #148] lw x8,24(x2)
Register Write to Reg: 0x08 Val: 0x10010000
[inst #149] lw x9,20(x2)
Register Write to Reg: 0x09 Val: 0x00000004
[inst #150] lw x18,16(x2)
Register Write to Reg: 0x12 Val: 0x00000002
[inst #151] addi x2,x2,32
Register Write to Reg: 0x02 Val: 0x7FFFEFBC
[inst #152] jalr x0,x1,0
Register Write to Reg: 0x00 Val: 0x00400108
[inst #153] sub x5,x9,x18
Register Write to Reg: 0x05 Val: 0x00000002
[inst #154] slli x6,x18,2
Register Write to Reg: 0x06 Val: 0x00000008
[inst #155] add x7,x8,x6
Register Write to Reg: 0x07 Val: 0x10010008
[inst #156] add x10,x0,x7
Register Write to Reg: 0x0A Val: 0x10010008
[inst #157] add x11,x0,x5
Register Write to Reg: 0x0B Val: 0x00000002
[inst #158] jal x1,-72
Register Write to Reg: 0x01 Val: 0x00400068
[inst #159] addi x5,x0,1
Register Write to Reg: 0x05 Val: 0x00000001
[inst #160] bge x5,x11,228
[inst #161] addi x2,x2,-32
Register Write to Reg: 0x02 Val: 0x7FFFEF9C
[inst #162] sw x1,28(x2)
Memory Write to Addr: 0x7FFFEFB8 Val: 0x00400068
[inst #163] sw x8,24(x2)
Memory Write to Addr: 0x7FFFEFB4 Val: 0x10010000
[inst #164] sw x9,20(x2)
Memory Write to Addr: 0x7FFFEFB0 Val: 0x00000004
[inst #165] sw x18,16(x2)
Memory Write to Addr: 0x7FFFEFAC Val: 0x00000002
[inst #166] add x8,x0,x10
Register Write to Reg: 0x08 Val: 0x10010008
[inst #167] add x9,x0,x11
Register Write to Reg: 0x09 Val: 0x00000002
[inst #168] srai x18,x9,1
Register Write to Reg: 0x12 Val: 0x00000001
[inst #169] add x10,x0,x8
Register Write to Reg: 0x0A Val: 0x10010008
[inst #170] add x11,x0,x18
Register Write to Reg: 0x0B Val: 0x00000001
[inst #171] jal x1,-48
Register Write to Reg: 0x01 Val: 0x00400050
[inst #172] addi x5,x0,1
Register Write to Reg: 0x05 Val: 0x00000001
[inst #173] bge x5,x11,228
[inst #174] jalr x0,x1,0
Register Write to Reg: 0x00 Val: 0x00400108
[inst #175] sub x5,x9,x18
Register Write to Reg: 0x05 Val: 0x00000001
[inst #176] slli x6,x18,2
Register Write to Reg: 0x06 Val: 0x00000004
[inst #177] add x7,x8,x6
Register Write to Reg: 0x07 Val: 0x1001000C
[inst #178] add x10,x0,x7
Register Write to Reg: 0x0A Val: 0x1001000C
[inst #179] add x11,x0,x5
Register Write to Reg: 0x0B Val: 0x00000001
[inst #180] jal x1,-72
Register Write to Reg: 0x01 Val: 0x00400068
[inst #181] addi x5,x0,1
Register Write to Reg: 0x05 Val: 0x00000001
[inst #182] bge x5,x11,228
[inst #183] jalr x0,x1,0
Register Write to Reg: 0x00 Val: 0x00400108
[inst #184] slli x5,x9,2
Register Write to Reg: 0x05 Val: 0x00000008
[inst #185] sub x2,x2,x5
Register Write to Reg: 0x02 Val: 0x7FFFEF94
[inst #186] add x6,x0,x2
Register Write to Reg: 0x06 Val: 0x7FFFEF94
[inst #187] slli x7,x18,2
Register Write to Reg: 0x07 Val: 0x00000004
[inst #188] add x28,x6,x7
Register Write to Reg: 0x1C Val: 0x7FFFEF98
[inst #189] addi x29,x0,0
Register Write to Reg: 0x1D Val: 0x00000000
[inst #190] bge x29,x18,32
[inst #191] slli x30,x29,2
Register Write to Reg: 0x1E Val: 0x00000000
[inst #192] add x31,x8,x30
Register Write to Reg: 0x1F Val: 0x10010008
[inst #193] lw x10,0(x31)
Register Write to Reg: 0x0A Val: 0x0000002B
[inst #194] add x31,x6,x30
Register Write to Reg: 0x1F Val: 0x7FFFEF94
[inst #195] sw x10,0(x31)
Memory Write to Addr: 0x7FFFEF94 Val: 0x0000002B
[inst #196] addi x29,x29,1
Register Write to Reg: 0x1D Val: 0x00000001
[inst #197] jal x0,-28
Register Write to Reg: 0x00 Val: 0x004000A0
[inst #198] bge x29,x18,32
[inst #199] sub x5,x9,x18
Register Write to Reg: 0x05 Val: 0x00000001
[inst #200] addi x29,x0,0
Register Write to Reg: 0x1D Val: 0x00000000
[inst #201] bge x29,x5,40
[inst #202] add x30,x18,x29
Register Write to Reg: 0x1E Val: 0x00000001
[inst #203] slli x30,x30,2
Register Write to Reg: 0x1E Val: 0x00000004
[inst #204] add x31,x8,x30
Register Write to Reg: 0x1F Val: 0x1001000C
[inst #205] lw x10,0(x31)
Register Write to Reg: 0x0A Val: 0x00000003
[inst #206] slli x30,x29,2
Register Write to Reg: 0x1E Val: 0x00000000
[inst #207] add x31,x28,x30
Register Write to Reg: 0x1F Val: 0x7FFFEF98
[inst #208] sw x10,0(x31)
Memory Write to Addr: 0x7FFFEF98 Val: 0x00000003
[inst #209] addi x29,x29,1
Register Write to Reg: 0x1D Val: 0x00000001
[inst #210] jal x0,-36
Register Write to Reg: 0x00 Val: 0x004000D0
[inst #211] bge x29,x5,40
[inst #212] add x10,x0,x8
Register Write to Reg: 0x0A Val: 0x10010008
[inst #213] add x11,x0,x6
Register Write to Reg: 0x0B Val: 0x7FFFEF94
[inst #214] add x12,x0,x28
Register Write to Reg: 0x0C Val: 0x7FFFEF98
[inst #215] add x13,x0,x18
Register Write to Reg: 0x0D Val: 0x00000001
[inst #216] sub x14,x9,x18
Register Write to Reg: 0x0E Val: 0x00000001
[inst #217] jal x1,36
Register Write to Reg: 0x01 Val: 0x004000E8
[inst #218] addi x2,x2,-32
Register Write to Reg: 0x02 Val: 0x7FFFEF74
[inst #219] sw x1,28(x2)
Memory Write to Addr: 0x7FFFEF90 Val: 0x004000E8
[inst #220] sw x8,24(x2)
Memory Write to Addr: 0x7FFFEF8C Val: 0x10010008
[inst #221] sw x18,20(x2)
Memory Write to Addr: 0x7FFFEF88 Val: 0x00000001
[inst #222] sw x19,16(x2)
Memory Write to Addr: 0x7FFFEF84 Val: 0x00000000
[inst #223] sw x20,12(x2)
Memory Write to Addr: 0x7FFFEF80 Val: 0x00000000
[inst #224] sw x21,8(x2)
Memory Write to Addr: 0x7FFFEF7C Val: 0x00000000
[inst #225] sw x22,4(x2)
Memory Write to Addr: 0x7FFFEF78 Val: 0x00000000
[inst #226] sw x23,0(x2)
Memory Write to Addr: 0x7FFFEF74 Val: 0x00000000
[inst #227] add x8,x0,x10
Register Write to Reg: 0x08 Val: 0x10010008
[inst #228] add x19,x0,x11
Register Write to Reg: 0x13 Val: 0x7FFFEF94
[inst #229] add x20,x0,x12
Register Write to Reg: 0x14 Val: 0x7FFFEF98
[inst #230] add x18,x0,x13
Register Write to Reg: 0x12 Val: 0x00000001
[inst #231] addi x21,x0,0
Register Write to Reg: 0x15 Val: 0x00000000
[inst #232] addi x22,x0,0
Register Write to Reg: 0x16 Val: 0x00000000
[inst #233] addi x23,x0,0
Register Write to Reg: 0x17 Val: 0x00000000
[inst #234] bge x21,x18,120
[inst #235] bge x22,x14,76
[inst #236] slli x5,x21,2
Register Write to Reg: 0x05 Val: 0x00000000
[inst #237] add x6,x19,x5
Register Write to Reg: 0x06 Val: 0x7FFFEF94
[inst #238] lw x7,0(x6)
Register Write to Reg: 0x07 Val: 0x0000002B
[inst #239] slli x5,x22,2
Register Write to Reg: 0x05 Val: 0x00000000
[inst #240] add x6,x20,x5
Register Write to Reg: 0x06 Val: 0x7FFFEF98
[inst #241] lw x28,0(x6)
Register Write to Reg: 0x1C Val: 0x00000003
[inst #242] blt x28,x7,24
[inst #243] slli x5,x23,2
Register Write to Reg: 0x05 Val: 0x00000000
[inst #244] add x6,x8,x5
Register Write to Reg: 0x06 Val: 0x10010008
[inst #245] sw x28,0(x6)
Memory Write to Addr: 0x10010008 Val: 0x00000003
[inst #246] addi x22,x22,1
Register Write to Reg: 0x16 Val: 0x00000001
[inst #247] addi x23,x23,1
Register Write to Reg: 0x17 Val: 0x00000001
[inst #248] jal x0,-76
Register Write to Reg: 0x00 Val: 0x00400198
[inst #249] bge x21,x18,120
[inst #250] bge x22,x14,76
[inst #251] bge x21,x18,80
[inst #252] slli x5,x21,2
Register Write to Reg: 0x05 Val: 0x00000000
[inst #253] add x6,x19,x5
Register Write to Reg: 0x06 Val: 0x7FFFEF94
[inst #254] lw x7,0(x6)
Register Write to Reg: 0x07 Val: 0x0000002B
[inst #255] slli x5,x23,2
Register Write to Reg: 0x05 Val: 0x00000004
[inst #256] add x6,x8,x5
Register Write to Reg: 0x06 Val: 0x1001000C
[inst #257] sw x7,0(x6)
Memory Write to Addr: 0x1001000C Val: 0x0000002B
[inst #258] addi x21,x21,1
Register Write to Reg: 0x15 Val: 0x00000001
[inst #259] addi x23,x23,1
Register Write to Reg: 0x17 Val: 0x00000002
[inst #260] jal x0,-36
Register Write to Reg: 0x00 Val: 0x004001C0
[inst #261] bge x21,x18,80
[inst #262] lw x1,28(x2)
Register Write to Reg: 0x01 Val: 0x004000E8
[inst #263] lw x8,24(x2)
Register Write to Reg: 0x08 Val: 0x10010008
[inst #264] lw x18,20(x2)
Register Write to Reg: 0x12 Val: 0x00000001
[inst #265] lw x19,16(x2)
Register Write to Reg: 0x13 Val: 0x00000000
[inst #266] lw x20,12(x2)
Register Write to Reg: 0x14 Val: 0x00000000
[inst #267] lw x21,8(x2)
Register Write to Reg: 0x15 Val: 0x00000000
[inst #268] lw x22,4(x2)
Register Write to Reg: 0x16 Val: 0x00000000
[inst #269] lw x23,0(x2)
Register Write to Reg: 0x17 Val: 0x00000000
[inst #270] addi x2,x2,32
Register Write to Reg: 0x02 Val: 0x7FFFEF94
[inst #271] jalr x0,x1,0
Register Write to Reg: 0x00 Val: 0x00400210
[inst #272] slli x5,x9,2
Register Write to Reg: 0x05 Val: 0x00000008
[inst #273] add x2,x2,x5
Register Write to Reg: 0x02 Val: 0x7FFFEF9C
[inst #274] lw x1,28(x2)
Register Write to Reg: 0x01 Val: 0x00400068
[inst #275] lw x8,24(x2)
Register Write to Reg: 0x08 Val: 0x10010000
[inst #276] lw x9,20(x2)
Register Write to Reg: 0x09 Val: 0x00000004
[inst #277] lw x18,16(x2)
Register Write to Reg: 0x12 Val: 0x00000002
[inst #278] addi x2,x2,32
Register Write to Reg: 0x02 Val: 0x7FFFEFBC
[inst #279] jalr x0,x1,0
Register Write to Reg: 0x00 Val: 0x00400108
[inst #280] slli x5,x9,2
Register Write to Reg: 0x05 Val: 0x00000010
[inst #281] sub x2,x2,x5
Register Write to Reg: 0x02 Val: 0x7FFFEFAC
[inst #282] add x6,x0,x2
Register Write to Reg: 0x06 Val: 0x7FFFEFAC
[inst #283] slli x7,x18,2
Register Write to Reg: 0x07 Val: 0x00000008
[inst #284] add x28,x6,x7
Register Write to Reg: 0x1C Val: 0x7FFFEFB4
[inst #285] addi x29,x0,0
Register Write to Reg: 0x1D Val: 0x00000000
[inst #286] bge x29,x18,32
[inst #287] slli x30,x29,2
Register Write to Reg: 0x1E Val: 0x00000000
[inst #288] add x31,x8,x30
Register Write to Reg: 0x1F Val: 0x10010000
[inst #289] lw x10,0(x31)
Register Write to Reg: 0x0A Val: 0x0000001B
[inst #290] add x31,x6,x30
Register Write to Reg: 0x1F Val: 0x7FFFEFAC
[inst #291] sw x10,0(x31)
Memory Write to Addr: 0x7FFFEFAC Val: 0x0000001B
[inst #292] addi x29,x29,1
Register Write to Reg: 0x1D Val: 0x00000001
[inst #293] jal x0,-28
Register Write to Reg: 0x00 Val: 0x004000A0
[inst #294] bge x29,x18,32
[inst #295] slli x30,x29,2
Register Write to Reg: 0x1E Val: 0x00000004
[inst #296] add x31,x8,x30
Register Write to Reg: 0x1F Val: 0x10010004
[inst #297] lw x10,0(x31)
Register Write to Reg: 0x0A Val: 0x00000026
[inst #298] add x31,x6,x30
Register Write to Reg: 0x1F Val: 0x7FFFEFB0
[inst #299] sw x10,0(x31)
Memory Write to Addr: 0x7FFFEFB0 Val: 0x00000026
[inst #300] addi x29,x29,1
Register Write to Reg: 0x1D Val: 0x00000002
[inst #301] jal x0,-28
Register Write to Reg: 0x00 Val: 0x004000A0
[inst #302] bge x29,x18,32
[inst #303] sub x5,x9,x18
Register Write to Reg: 0x05 Val: 0x00000002
[inst #304] addi x29,x0,0
Register Write to Reg: 0x1D Val: 0x00000000
[inst #305] bge x29,x5,40
[inst #306] add x30,x18,x29
Register Write to Reg: 0x1E Val: 0x00000002
[inst #307] slli x30,x30,2
Register Write to Reg: 0x1E Val: 0x00000008
[inst #308] add x31,x8,x30
Register Write to Reg: 0x1F Val: 0x10010008
[inst #309] lw x10,0(x31)
Register Write to Reg: 0x0A Val: 0x00000003
[inst #310] slli x30,x29,2
Register Write to Reg: 0x1E Val: 0x00000000
[inst #311] add x31,x28,x30
Register Write to Reg: 0x1F Val: 0x7FFFEFB4
[inst #312] sw x10,0(x31)
Memory Write to Addr: 0x7FFFEFB4 Val: 0x00000003
[inst #313] addi x29,x29,1
Register Write to Reg: 0x1D Val: 0x00000001
[inst #314] jal x0,-36
Register Write to Reg: 0x00 Val: 0x004000D0
[inst #315] bge x29,x5,40
[inst #316] add x30,x18,x29
Register Write to Reg: 0x1E Val: 0x00000003
[inst #317] slli x30,x30,2
Register Write to Reg: 0x1E Val: 0x0000000C
[inst #318] add x31,x8,x30
Register Write to Reg: 0x1F Val: 0x1001000C
[inst #319] lw x10,0(x31)
Register Write to Reg: 0x0A Val: 0x0000002B
[inst #320] slli x30,x29,2
Register Write to Reg: 0x1E Val: 0x00000004
[inst #321] add x31,x28,x30
Register Write to Reg: 0x1F Val: 0x7FFFEFB8
[inst #322] sw x10,0(x31)
Memory Write to Addr: 0x7FFFEFB8 Val: 0x0000002B
[inst #323] addi x29,x29,1
Register Write to Reg: 0x1D Val: 0x00000002
[inst #324] jal x0,-36
Register Write to Reg: 0x00 Val: 0x004000D0
[inst #325] bge x29,x5,40
[inst #326] add x10,x0,x8
Register Write to Reg: 0x0A Val: 0x10010000
[inst #327] add x11,x0,x6
Register Write to Reg: 0x0B Val: 0x7FFFEFAC
[inst #328] add x12,x0,x28
Register Write to Reg: 0x0C Val: 0x7FFFEFB4
[inst #329] add x13,x0,x18
Register Write to Reg: 0x0D Val: 0x00000002
[inst #330] sub x14,x9,x18
Register Write to Reg: 0x0E Val: 0x00000002
[inst #331] jal x1,36
Register Write to Reg: 0x01 Val: 0x004000E8
[inst #332] addi x2,x2,-32
Register Write to Reg: 0x02 Val: 0x7FFFEF8C
[inst #333] sw x1,28(x2)
Memory Write to Addr: 0x7FFFEFA8 Val: 0x004000E8
[inst #334] sw x8,24(x2)
Memory Write to Addr: 0x7FFFEFA4 Val: 0x10010000
[inst #335] sw x18,20(x2)
Memory Write to Addr: 0x7FFFEFA0 Val: 0x00000002
[inst #336] sw x19,16(x2)
Memory Write to Addr: 0x7FFFEF9C Val: 0x00000000
[inst #337] sw x20,12(x2)
Memory Write to Addr: 0x7FFFEF98 Val: 0x00000000
[inst #338] sw x21,8(x2)
Memory Write to Addr: 0x7FFFEF94 Val: 0x00000000
[inst #339] sw x22,4(x2)
Memory Write to Addr: 0x7FFFEF90 Val: 0x00000000
[inst #340] sw x23,0(x2)
Memory Write to Addr: 0x7FFFEF8C Val: 0x00000000
[inst #341] add x8,x0,x10
Register Write to Reg: 0x08 Val: 0x10010000
[inst #342] add x19,x0,x11
Register Write to Reg: 0x13 Val: 0x7FFFEFAC
[inst #343] add x20,x0,x12
Register Write to Reg: 0x14 Val: 0x7FFFEFB4
[inst #344] add x18,x0,x13
Register Write to Reg: 0x12 Val: 0x00000002
[inst #345] addi x21,x0,0
Register Write to Reg: 0x15 Val: 0x00000000
[inst #346] addi x22,x0,0
Register Write to Reg: 0x16 Val: 0x00000000
[inst #347] addi x23,x0,0
Register Write to Reg: 0x17 Val: 0x00000000
[inst #348] bge x21,x18,120
[inst #349] bge x22,x14,76
[inst #350] slli x5,x21,2
Register Write to Reg: 0x05 Val: 0x00000000
[inst #351] add x6,x19,x5
Register Write to Reg: 0x06 Val: 0x7FFFEFAC
[inst #352] lw x7,0(x6)
Register Write to Reg: 0x07 Val: 0x0000001B
[inst #353] slli x5,x22,2
Register Write to Reg: 0x05 Val: 0x00000000
[inst #354] add x6,x20,x5
Register Write to Reg: 0x06 Val: 0x7FFFEFB4
[inst #355] lw x28,0(x6)
Register Write to Reg: 0x1C Val: 0x00000003
[inst #356] blt x28,x7,24
[inst #357] slli x5,x23,2
Register Write to Reg: 0x05 Val: 0x00000000
[inst #358] add x6,x8,x5
Register Write to Reg: 0x06 Val: 0x10010000
[inst #359] sw x28,0(x6)
Memory Write to Addr: 0x10010000 Val: 0x00000003
[inst #360] addi x22,x22,1
Register Write to Reg: 0x16 Val: 0x00000001
[inst #361] addi x23,x23,1
Register Write to Reg: 0x17 Val: 0x00000001
[inst #362] jal x0,-76
Register Write to Reg: 0x00 Val: 0x00400198
[inst #363] bge x21,x18,120
[inst #364] bge x22,x14,76
[inst #365] slli x5,x21,2
Register Write to Reg: 0x05 Val: 0x00000000
[inst #366] add x6,x19,x5
Register Write to Reg: 0x06 Val: 0x7FFFEFAC
[inst #367] lw x7,0(x6)
Register Write to Reg: 0x07 Val: 0x0000001B
[inst #368] slli x5,x22,2
Register Write to Reg: 0x05 Val: 0x00000004
[inst #369] add x6,x20,x5
Register Write to Reg: 0x06 Val: 0x7FFFEFB8
[inst #370] lw x28,0(x6)
Register Write to Reg: 0x1C Val: 0x0000002B
[inst #371] blt x28,x7,24
[inst #372] slli x5,x23,2
Register Write to Reg: 0x05 Val: 0x00000004
[inst #373] add x6,x8,x5
Register Write to Reg: 0x06 Val: 0x10010004
[inst #374] sw x7,0(x6)
Memory Write to Addr: 0x10010004 Val: 0x0000001B
[inst #375] addi x21,x21,1
Register Write to Reg: 0x15 Val: 0x00000001
[inst #376] jal x0,20
Register Write to Reg: 0x00 Val: 0x00400180
[inst #377] addi x23,x23,1
Register Write to Reg: 0x17 Val: 0x00000002
[inst #378] jal x0,-76
Register Write to Reg: 0x00 Val: 0x00400198
[inst #379] bge x21,x18,120
[inst #380] bge x22,x14,76
[inst #381] slli x5,x21,2
Register Write to Reg: 0x05 Val: 0x00000004
[inst #382] add x6,x19,x5
Register Write to Reg: 0x06 Val: 0x7FFFEFB0
[inst #383] lw x7,0(x6)
Register Write to Reg: 0x07 Val: 0x00000026
[inst #384] slli x5,x22,2
Register Write to Reg: 0x05 Val: 0x00000004
[inst #385] add x6,x20,x5
Register Write to Reg: 0x06 Val: 0x7FFFEFB8
[inst #386] lw x28,0(x6)
Register Write to Reg: 0x1C Val: 0x0000002B
[inst #387] blt x28,x7,24
[inst #388] slli x5,x23,2
Register Write to Reg: 0x05 Val: 0x00000008
[inst #389] add x6,x8,x5
Register Write to Reg: 0x06 Val: 0x10010008
[inst #390] sw x7,0(x6)
Memory Write to Addr: 0x10010008 Val: 0x00000026
[inst #391] addi x21,x21,1
Register Write to Reg: 0x15 Val: 0x00000002
[inst #392] jal x0,20
Register Write to Reg: 0x00 Val: 0x00400180
[inst #393] addi x23,x23,1
Register Write to Reg: 0x17 Val: 0x00000003
[inst #394] jal x0,-76
Register Write to Reg: 0x00 Val: 0x00400198
[inst #395] bge x21,x18,120
[inst #396] bge x22,x14,40
[inst #397] slli x5,x22,2
Register Write to Reg: 0x05 Val: 0x00000004
[inst #398] add x6,x20,x5
Register Write to Reg: 0x06 Val: 0x7FFFEFB8
[inst #399] lw x28,0(x6)
Register Write to Reg: 0x1C Val: 0x0000002B
[inst #400] slli x5,x23,2
Register Write to Reg: 0x05 Val: 0x0000000C
[inst #401] add x6,x8,x5
Register Write to Reg: 0x06 Val: 0x1001000C
[inst #402] sw x28,0(x6)
Memory Write to Addr: 0x1001000C Val: 0x0000002B
[inst #403] addi x22,x22,1
Register Write to Reg: 0x16 Val: 0x00000002
[inst #404] addi x23,x23,1
Register Write to Reg: 0x17 Val: 0x00000004
[inst #405] jal x0,-36
Register Write to Reg: 0x00 Val: 0x004001E8
[inst #406] bge x22,x14,40
[inst #407] lw x1,28(x2)
Register Write to Reg: 0x01 Val: 0x004000E8
[inst #408] lw x8,24(x2)
Register Write to Reg: 0x08 Val: 0x10010000
[inst #409] lw x18,20(x2)
Register Write to Reg: 0x12 Val: 0x00000002
[inst #410] lw x19,16(x2)
Register Write to Reg: 0x13 Val: 0x00000000
[inst #411] lw x20,12(x2)
Register Write to Reg: 0x14 Val: 0x00000000
[inst #412] lw x21,8(x2)
Register Write to Reg: 0x15 Val: 0x00000000
[inst #413] lw x22,4(x2)
Register Write to Reg: 0x16 Val: 0x00000000
[inst #414] lw x23,0(x2)
Register Write to Reg: 0x17 Val: 0x00000000
[inst #415] addi x2,x2,32
Register Write to Reg: 0x02 Val: 0x7FFFEFAC
[inst #416] jalr x0,x1,0
Register Write to Reg: 0x00 Val: 0x00400210
[inst #417] slli x5,x9,2
Register Write to Reg: 0x05 Val: 0x00000010
[inst #418] add x2,x2,x5
Register Write to Reg: 0x02 Val: 0x7FFFEFBC
[inst #419] lw x1,28(x2)
Register Write to Reg: 0x01 Val: 0x00400050
[inst #420] lw x8,24(x2)
Register Write to Reg: 0x08 Val: 0x10010000
[inst #421] lw x9,20(x2)
Register Write to Reg: 0x09 Val: 0x00000008
[inst #422] lw x18,16(x2)
Register Write to Reg: 0x12 Val: 0x00000004
[inst #423] addi x2,x2,32
Register Write to Reg: 0x02 Val: 0x7FFFEFDC
[inst #424] jalr x0,x1,0
Register Write to Reg: 0x00 Val: 0x00400108
[inst #425] sub x5,x9,x18
Register Write to Reg: 0x05 Val: 0x00000004
[inst #426] slli x6,x18,2
Register Write to Reg: 0x06 Val: 0x00000010
[inst #427] add x7,x8,x6
Register Write to Reg: 0x07 Val: 0x10010010
[inst #428] add x10,x0,x7
Register Write to Reg: 0x0A Val: 0x10010010
[inst #429] add x11,x0,x5
Register Write to Reg: 0x0B Val: 0x00000004
[inst #430] jal x1,-72
Register Write to Reg: 0x01 Val: 0x00400068
[inst #431] addi x5,x0,1
Register Write to Reg: 0x05 Val: 0x00000001
[inst #432] bge x5,x11,228
[inst #433] addi x2,x2,-32
Register Write to Reg: 0x02 Val: 0x7FFFEFBC
[inst #434] sw x1,28(x2)
Memory Write to Addr: 0x7FFFEFD8 Val: 0x00400068
[inst #435] sw x8,24(x2)
Memory Write to Addr: 0x7FFFEFD4 Val: 0x10010000
[inst #436] sw x9,20(x2)
Memory Write to Addr: 0x7FFFEFD0 Val: 0x00000008
[inst #437] sw x18,16(x2)
Memory Write to Addr: 0x7FFFEFCC Val: 0x00000004
[inst #438] add x8,x0,x10
Register Write to Reg: 0x08 Val: 0x10010010
[inst #439] add x9,x0,x11
Register Write to Reg: 0x09 Val: 0x00000004
[inst #440] srai x18,x9,1
Register Write to Reg: 0x12 Val: 0x00000002
[inst #441] add x10,x0,x8
Register Write to Reg: 0x0A Val: 0x10010010
[inst #442] add x11,x0,x18
Register Write to Reg: 0x0B Val: 0x00000002
[inst #443] jal x1,-48
Register Write to Reg: 0x01 Val: 0x00400050
[inst #444] addi x5,x0,1
Register Write to Reg: 0x05 Val: 0x00000001
[inst #445] bge x5,x11,228
[inst #446] addi x2,x2,-32
Register Write to Reg: 0x02 Val: 0x7FFFEF9C
[inst #447] sw x1,28(x2)
Memory Write to Addr: 0x7FFFEFB8 Val: 0x00400050
[inst #448] sw x8,24(x2)
Memory Write to Addr: 0x7FFFEFB4 Val: 0x10010010
[inst #449] sw x9,20(x2)
Memory Write to Addr: 0x7FFFEFB0 Val: 0x00000004
[inst #450] sw x18,16(x2)
Memory Write to Addr: 0x7FFFEFAC Val: 0x00000002
[inst #451] add x8,x0,x10
Register Write to Reg: 0x08 Val: 0x10010010
[inst #452] add x9,x0,x11
Register Write to Reg: 0x09 Val: 0x00000002
[inst #453] srai x18,x9,1
Register Write to Reg: 0x12 Val: 0x00000001
[inst #454] add x10,x0,x8
Register Write to Reg: 0x0A Val: 0x10010010
[inst #455] add x11,x0,x18
Register Write to Reg: 0x0B Val: 0x00000001
[inst #456] jal x1,-48
Register Write to Reg: 0x01 Val: 0x00400050
[inst #457] addi x5,x0,1
Register Write to Reg: 0x05 Val: 0x00000001
[inst #458] bge x5,x11,228
[inst #459] jalr x0,x1,0
Register Write to Reg: 0x00 Val: 0x00400108
[inst #460] sub x5,x9,x18
Register Write to Reg: 0x05 Val: 0x00000001
[inst #461] slli x6,x18,2
Register Write to Reg: 0x06 Val: 0x00000004
[inst #462] add x7,x8,x6
Register Write to Reg: 0x07 Val: 0x10010014
[inst #463] add x10,x0,x7
Register Write to Reg: 0x0A Val: 0x10010014
[inst #464] add x11,x0,x5
Register Write to Reg: 0x0B Val: 0x00000001
[inst #465] jal x1,-72
Register Write to Reg: 0x01 Val: 0x00400068
[inst #466] addi x5,x0,1
Register Write to Reg: 0x05 Val: 0x00000001
[inst #467] bge x5,x11,228
[inst #468] jalr x0,x1,0
Register Write to Reg: 0x00 Val: 0x00400108
[inst #469] slli x5,x9,2
Register Write to Reg: 0x05 Val: 0x00000008
[inst #470] sub x2,x2,x5
Register Write to Reg: 0x02 Val: 0x7FFFEF94
[inst #471] add x6,x0,x2
Register Write to Reg: 0x06 Val: 0x7FFFEF94
[inst #472] slli x7,x18,2
Register Write to Reg: 0x07 Val: 0x00000004
[inst #473] add x28,x6,x7
Register Write to Reg: 0x1C Val: 0x7FFFEF98
[inst #474] addi x29,x0,0
Register Write to Reg: 0x1D Val: 0x00000000
[inst #475] bge x29,x18,32
[inst #476] slli x30,x29,2
Register Write to Reg: 0x1E Val: 0x00000000
[inst #477] add x31,x8,x30
Register Write to Reg: 0x1F Val: 0x10010010
[inst #478] lw x10,0(x31)
Register Write to Reg: 0x0A Val: 0x00000009
[inst #479] add x31,x6,x30
Register Write to Reg: 0x1F Val: 0x7FFFEF94
[inst #480] sw x10,0(x31)
Memory Write to Addr: 0x7FFFEF94 Val: 0x00000009
[inst #481] addi x29,x29,1
Register Write to Reg: 0x1D Val: 0x00000001
[inst #482] jal x0,-28
Register Write to Reg: 0x00 Val: 0x004000A0
[inst #483] bge x29,x18,32
[inst #484] sub x5,x9,x18
Register Write to Reg: 0x05 Val: 0x00000001
[inst #485] addi x29,x0,0
Register Write to Reg: 0x1D Val: 0x00000000
[inst #486] bge x29,x5,40
[inst #487] add x30,x18,x29
Register Write to Reg: 0x1E Val: 0x00000001
[inst #488] slli x30,x30,2
Register Write to Reg: 0x1E Val: 0x00000004
[inst #489] add x31,x8,x30
Register Write to Reg: 0x1F Val: 0x10010014
[inst #490] lw x10,0(x31)
Register Write to Reg: 0x0A Val: 0x00000052
[inst #491] slli x30,x29,2
Register Write to Reg: 0x1E Val: 0x00000000
[inst #492] add x31,x28,x30
Register Write to Reg: 0x1F Val: 0x7FFFEF98
[inst #493] sw x10,0(x31)
Memory Write to Addr: 0x7FFFEF98 Val: 0x00000052
[inst #494] addi x29,x29,1
Register Write to Reg: 0x1D Val: 0x00000001
[inst #495] jal x0,-36
Register Write to Reg: 0x00 Val: 0x004000D0
[inst #496] bge x29,x5,40
[inst #497] add x10,x0,x8
Register Write to Reg: 0x0A Val: 0x10010010
[inst #498] add x11,x0,x6
Register Write to Reg: 0x0B Val: 0x7FFFEF94
[inst #499] add x12,x0,x28
Register Write to Reg: 0x0C Val: 0x7FFFEF98
[inst #500] add x13,x0,x18
Register Write to Reg: 0x0D Val: 0x00000001
[inst #501] sub x14,x9,x18
Register Write to Reg: 0x0E Val: 0x00000001
[inst #502] jal x1,36
Register Write to Reg: 0x01 Val: 0x004000E8
[inst #503] addi x2,x2,-32
Register Write to Reg: 0x02 Val: 0x7FFFEF74
[inst #504] sw x1,28(x2)
Memory Write to Addr: 0x7FFFEF90 Val: 0x004000E8
[inst #505] sw x8,24(x2)
Memory Write to Addr: 0x7FFFEF8C Val: 0x10010010
[inst #506] sw x18,20(x2)
Memory Write to Addr: 0x7FFFEF88 Val: 0x00000001
[inst #507] sw x19,16(x2)
Memory Write to Addr: 0x7FFFEF84 Val: 0x00000000
[inst #508] sw x20,12(x2)
Memory Write to Addr: 0x7FFFEF80 Val: 0x00000000
[inst #509] sw x21,8(x2)
Memory Write to Addr: 0x7FFFEF7C Val: 0x00000000
[inst #510] sw x22,4(x2)
Memory Write to Addr: 0x7FFFEF78 Val: 0x00000000
[inst #511] sw x23,0(x2)
Memory Write to Addr: 0x7FFFEF74 Val: 0x00000000
[inst #512] add x8,x0,x10
Register Write to Reg: 0x08 Val: 0x10010010
[inst #513] add x19,x0,x11
Register Write to Reg: 0x13 Val: 0x7FFFEF94
[inst #514] add x20,x0,x12
Register Write to Reg: 0x14 Val: 0x7FFFEF98
[inst #515] add x18,x0,x13
Register Write to Reg: 0x12 Val: 0x00000001
[inst #516] addi x21,x0,0
Register Write to Reg: 0x15 Val: 0x00000000
[inst #517] addi x22,x0,0
Register Write to Reg: 0x16 Val: 0x00000000
[inst #518] addi x23,x0,0
Register Write to Reg: 0x17 Val: 0x00000000
[inst #519] bge x21,x18,120
[inst #520] bge x22,x14,76
[inst #521] slli x5,x21,2
Register Write to Reg: 0x05 Val: 0x00000000
[inst #522] add x6,x19,x5
Register Write to Reg: 0x06 Val: 0x7FFFEF94
[inst #523] lw x7,0(x6)
Register Write to Reg: 0x07 Val: 0x00000009
[inst #524] slli x5,x22,2
Register Write to Reg: 0x05 Val: 0x00000000
[inst #525] add x6,x20,x5
Register Write to Reg: 0x06 Val: 0x7FFFEF98
[inst #526] lw x28,0(x6)
Register Write to Reg: 0x1C Val: 0x00000052
[inst #527] blt x28,x7,24
[inst #528] slli x5,x23,2
Register Write to Reg: 0x05 Val: 0x00000000
[inst #529] add x6,x8,x5
Register Write to Reg: 0x06 Val: 0x10010010
[inst #530] sw x7,0(x6)
Memory Write to Addr: 0x10010010 Val: 0x00000009
[inst #531] addi x21,x21,1
Register Write to Reg: 0x15 Val: 0x00000001
[inst #532] jal x0,20
Register Write to Reg: 0x00 Val: 0x00400180
[inst #533] addi x23,x23,1
Register Write to Reg: 0x17 Val: 0x00000001
[inst #534] jal x0,-76
Register Write to Reg: 0x00 Val: 0x00400198
[inst #535] bge x21,x18,120
[inst #536] bge x22,x14,40
[inst #537] slli x5,x22,2
Register Write to Reg: 0x05 Val: 0x00000000
[inst #538] add x6,x20,x5
Register Write to Reg: 0x06 Val: 0x7FFFEF98
[inst #539] lw x28,0(x6)
Register Write to Reg: 0x1C Val: 0x00000052
[inst #540] slli x5,x23,2
Register Write to Reg: 0x05 Val: 0x00000004
[inst #541] add x6,x8,x5
Register Write to Reg: 0x06 Val: 0x10010014
[inst #542] sw x28,0(x6)
Memory Write to Addr: 0x10010014 Val: 0x00000052
[inst #543] addi x22,x22,1
Register Write to Reg: 0x16 Val: 0x00000001
[inst #544] addi x23,x23,1
Register Write to Reg: 0x17 Val: 0x00000002
[inst #545] jal x0,-36
Register Write to Reg: 0x00 Val: 0x004001E8
[inst #546] bge x22,x14,40
[inst #547] lw x1,28(x2)
Register Write to Reg: 0x01 Val: 0x004000E8
[inst #548] lw x8,24(x2)
Register Write to Reg: 0x08 Val: 0x10010010
[inst #549] lw x18,20(x2)
Register Write to Reg: 0x12 Val: 0x00000001
[inst #550] lw x19,16(x2)
Register Write to Reg: 0x13 Val: 0x00000000
[inst #551] lw x20,12(x2)
Register Write to Reg: 0x14 Val: 0x00000000
[inst #552] lw x21,8(x2)
Register Write to Reg: 0x15 Val: 0x00000000
[inst #553] lw x22,4(x2)
Register Write to Reg: 0x16 Val: 0x00000000
[inst #554] lw x23,0(x2)
Register Write to Reg: 0x17 Val: 0x00000000
[inst #555] addi x2,x2,32
Register Write to Reg: 0x02 Val: 0x7FFFEF94
[inst #556] jalr x0,x1,0
Register Write to Reg: 0x00 Val: 0x00400210
[inst #557] slli x5,x9,2
Register Write to Reg: 0x05 Val: 0x00000008
[inst #558] add x2,x2,x5
Register Write to Reg: 0x02 Val: 0x7FFFEF9C
[inst #559] lw x1,28(x2)
Register Write to Reg: 0x01 Val: 0x00400050
[inst #560] lw x8,24(x2)
Register Write to Reg: 0x08 Val: 0x10010010
[inst #561] lw x9,20(x2)
Register Write to Reg: 0x09 Val: 0x00000004
[inst #562] lw x18,16(x2)
Register Write to Reg: 0x12 Val: 0x00000002
[inst #563] addi x2,x2,32
Register Write to Reg: 0x02 Val: 0x7FFFEFBC
[inst #564] jalr x0,x1,0
Register Write to Reg: 0x00 Val: 0x00400108
[inst #565] sub x5,x9,x18
Register Write to Reg: 0x05 Val: 0x00000002
[inst #566] slli x6,x18,2
Register Write to Reg: 0x06 Val: 0x00000008
[inst #567] add x7,x8,x6
Register Write to Reg: 0x07 Val: 0x10010018
[inst #568] add x10,x0,x7
Register Write to Reg: 0x0A Val: 0x10010018
[inst #569] add x11,x0,x5
Register Write to Reg: 0x0B Val: 0x00000002
[inst #570] jal x1,-72
Register Write to Reg: 0x01 Val: 0x00400068
[inst #571] addi x5,x0,1
Register Write to Reg: 0x05 Val: 0x00000001
[inst #572] bge x5,x11,228
[inst #573] addi x2,x2,-32
Register Write to Reg: 0x02 Val: 0x7FFFEF9C
[inst #574] sw x1,28(x2)
Memory Write to Addr: 0x7FFFEFB8 Val: 0x00400068
[inst #575] sw x8,24(x2)
Memory Write to Addr: 0x7FFFEFB4 Val: 0x10010010
[inst #576] sw x9,20(x2)
Memory Write to Addr: 0x7FFFEFB0 Val: 0x00000004
[inst #577] sw x18,16(x2)
Memory Write to Addr: 0x7FFFEFAC Val: 0x00000002
[inst #578] add x8,x0,x10
Register Write to Reg: 0x08 Val: 0x10010018
[inst #579] add x9,x0,x11
Register Write to Reg: 0x09 Val: 0x00000002
[inst #580] srai x18,x9,1
Register Write to Reg: 0x12 Val: 0x00000001
[inst #581] add x10,x0,x8
Register Write to Reg: 0x0A Val: 0x10010018
[inst #582] add x11,x0,x18
Register Write to Reg: 0x0B Val: 0x00000001
[inst #583] jal x1,-48
Register Write to Reg: 0x01 Val: 0x00400050
[inst #584] addi x5,x0,1
Register Write to Reg: 0x05 Val: 0x00000001
[inst #585] bge x5,x11,228
[inst #586] jalr x0,x1,0
Register Write to Reg: 0x00 Val: 0x00400108
[inst #587] sub x5,x9,x18
Register Write to Reg: 0x05 Val: 0x00000001
[inst #588] slli x6,x18,2
Register Write to Reg: 0x06 Val: 0x00000004
[inst #589] add x7,x8,x6
Register Write to Reg: 0x07 Val: 0x1001001C
[inst #590] add x10,x0,x7
Register Write to Reg: 0x0A Val: 0x1001001C
[inst #591] add x11,x0,x5
Register Write to Reg: 0x0B Val: 0x00000001
[inst #592] jal x1,-72
Register Write to Reg: 0x01 Val: 0x00400068
[inst #593] addi x5,x0,1
Register Write to Reg: 0x05 Val: 0x00000001
[inst #594] bge x5,x11,228
[inst #595] jalr x0,x1,0
Register Write to Reg: 0x00 Val: 0x00400108
[inst #596] slli x5,x9,2
Register Write to Reg: 0x05 Val: 0x00000008
[inst #597] sub x2,x2,x5
Register Write to Reg: 0x02 Val: 0x7FFFEF94
[inst #598] add x6,x0,x2
Register Write to Reg: 0x06 Val: 0x7FFFEF94
[inst #599] slli x7,x18,2
Register Write to Reg: 0x07 Val: 0x00000004
[inst #600] add x28,x6,x7
Register Write to Reg: 0x1C Val: 0x7FFFEF98
[inst #601] addi x29,x0,0
Register Write to Reg: 0x1D Val: 0x00000000
[inst #602] bge x29,x18,32
[inst #603] slli x30,x29,2
Register Write to Reg: 0x1E Val: 0x00000000
[inst #604] add x31,x8,x30
Register Write to Reg: 0x1F Val: 0x10010018
[inst #605] lw x10,0(x31)
Register Write to Reg: 0x0A Val: 0x0000000A
[inst #606] add x31,x6,x30
Register Write to Reg: 0x1F Val: 0x7FFFEF94
[inst #607] sw x10,0(x31)
Memory Write to Addr: 0x7FFFEF94 Val: 0x0000000A
[inst #608] addi x29,x29,1
Register Write to Reg: 0x1D Val: 0x00000001
[inst #609] jal x0,-28
Register Write to Reg: 0x00 Val: 0x004000A0
[inst #610] bge x29,x18,32
[inst #611] sub x5,x9,x18
Register Write to Reg: 0x05 Val: 0x00000001
[inst #612] addi x29,x0,0
Register Write to Reg: 0x1D Val: 0x00000000
[inst #613] bge x29,x5,40
[inst #614] add x30,x18,x29
Register Write to Reg: 0x1E Val: 0x00000001
[inst #615] slli x30,x30,2
Register Write to Reg: 0x1E Val: 0x00000004
[inst #616] add x31,x8,x30
Register Write to Reg: 0x1F Val: 0x1001001C
[inst #617] lw x10,0(x31)
Register Write to Reg: 0x0A Val: 0xFFFFFFFB
[inst #618] slli x30,x29,2
Register Write to Reg: 0x1E Val: 0x00000000
[inst #619] add x31,x28,x30
Register Write to Reg: 0x1F Val: 0x7FFFEF98
[inst #620] sw x10,0(x31)
Memory Write to Addr: 0x7FFFEF98 Val: 0xFFFFFFFB
[inst #621] addi x29,x29,1
Register Write to Reg: 0x1D Val: 0x00000001
[inst #622] jal x0,-36
Register Write to Reg: 0x00 Val: 0x004000D0
[inst #623] bge x29,x5,40
[inst #624] add x10,x0,x8
Register Write to Reg: 0x0A Val: 0x10010018
[inst #625] add x11,x0,x6
Register Write to Reg: 0x0B Val: 0x7FFFEF94
[inst #626] add x12,x0,x28
Register Write to Reg: 0x0C Val: 0x7FFFEF98
[inst #627] add x13,x0,x18
Register Write to Reg: 0x0D Val: 0x00000001
[inst #628] sub x14,x9,x18
Register Write to Reg: 0x0E Val: 0x00000001
[inst #629] jal x1,36
Register Write to Reg: 0x01 Val: 0x004000E8
[inst #630] addi x2,x2,-32
Register Write to Reg: 0x02 Val: 0x7FFFEF74
[inst #631] sw x1,28(x2)
Memory Write to Addr: 0x7FFFEF90 Val: 0x004000E8
[inst #632] sw x8,24(x2)
Memory Write to Addr: 0x7FFFEF8C Val: 0x10010018
[inst #633] sw x18,20(x2)
Memory Write to Addr: 0x7FFFEF88 Val: 0x00000001
[inst #634] sw x19,16(x2)
Memory Write to Addr: 0x7FFFEF84 Val: 0x00000000
[inst #635] sw x20,12(x2)
Memory Write to Addr: 0x7FFFEF80 Val: 0x00000000
[inst #636] sw x21,8(x2)
Memory Write to Addr: 0x7FFFEF7C Val: 0x00000000
[inst #637] sw x22,4(x2)
Memory Write to Addr: 0x7FFFEF78 Val: 0x00000000
[inst #638] sw x23,0(x2)
Memory Write to Addr: 0x7FFFEF74 Val: 0x00000000
[inst #639] add x8,x0,x10
Register Write to Reg: 0x08 Val: 0x10010018
[inst #640] add x19,x0,x11
Register Write to Reg: 0x13 Val: 0x7FFFEF94
[inst #641] add x20,x0,x12
Register Write to Reg: 0x14 Val: 0x7FFFEF98
[inst #642] add x18,x0,x13
Register Write to Reg: 0x12 Val: 0x00000001
[inst #643] addi x21,x0,0
Register Write to Reg: 0x15 Val: 0x00000000
[inst #644] addi x22,x0,0
Register Write to Reg: 0x16 Val: 0x00000000
[inst #645] addi x23,x0,0
Register Write to Reg: 0x17 Val: 0x00000000
[inst #646] bge x21,x18,120
[inst #647] bge x22,x14,76
[inst #648] slli x5,x21,2
Register Write to Reg: 0x05 Val: 0x00000000
[inst #649] add x6,x19,x5
Register Write to Reg: 0x06 Val: 0x7FFFEF94
[inst #650] lw x7,0(x6)
Register Write to Reg: 0x07 Val: 0x0000000A
[inst #651] slli x5,x22,2
Register Write to Reg: 0x05 Val: 0x00000000
[inst #652] add x6,x20,x5
Register Write to Reg: 0x06 Val: 0x7FFFEF98
[inst #653] lw x28,0(x6)
Register Write to Reg: 0x1C Val: 0xFFFFFFFB
[inst #654] blt x28,x7,24
[inst #655] slli x5,x23,2
Register Write to Reg: 0x05 Val: 0x00000000
[inst #656] add x6,x8,x5
Register Write to Reg: 0x06 Val: 0x10010018
[inst #657] sw x28,0(x6)
Memory Write to Addr: 0x10010018 Val: 0xFFFFFFFB
[inst #658] addi x22,x22,1
Register Write to Reg: 0x16 Val: 0x00000001
[inst #659] addi x23,x23,1
Register Write to Reg: 0x17 Val: 0x00000001
[inst #660] jal x0,-76
Register Write to Reg: 0x00 Val: 0x00400198
[inst #661] bge x21,x18,120
[inst #662] bge x22,x14,76
[inst #663] bge x21,x18,80
[inst #664] slli x5,x21,2
Register Write to Reg: 0x05 Val: 0x00000000
[inst #665] add x6,x19,x5
Register Write to Reg: 0x06 Val: 0x7FFFEF94
[inst #666] lw x7,0(x6)
Register Write to Reg: 0x07 Val: 0x0000000A
[inst #667] slli x5,x23,2
Register Write to Reg: 0x05 Val: 0x00000004
[inst #668] add x6,x8,x5
Register Write to Reg: 0x06 Val: 0x1001001C
[inst #669] sw x7,0(x6)
Memory Write to Addr: 0x1001001C Val: 0x0000000A
[inst #670] addi x21,x21,1
Register Write to Reg: 0x15 Val: 0x00000001
[inst #671] addi x23,x23,1
Register Write to Reg: 0x17 Val: 0x00000002
[inst #672] jal x0,-36
Register Write to Reg: 0x00 Val: 0x004001C0
[inst #673] bge x21,x18,80
[inst #674] lw x1,28(x2)
Register Write to Reg: 0x01 Val: 0x004000E8
[inst #675] lw x8,24(x2)
Register Write to Reg: 0x08 Val: 0x10010018
[inst #676] lw x18,20(x2)
Register Write to Reg: 0x12 Val: 0x00000001
[inst #677] lw x19,16(x2)
Register Write to Reg: 0x13 Val: 0x00000000
[inst #678] lw x20,12(x2)
Register Write to Reg: 0x14 Val: 0x00000000
[inst #679] lw x21,8(x2)
Register Write to Reg: 0x15 Val: 0x00000000
[inst #680] lw x22,4(x2)
Register Write to Reg: 0x16 Val: 0x00000000
[inst #681] lw x23,0(x2)
Register Write to Reg: 0x17 Val: 0x00000000
[inst #682] addi x2,x2,32
Register Write to Reg: 0x02 Val: 0x7FFFEF94
[inst #683] jalr x0,x1,0
Register Write to Reg: 0x00 Val: 0x00400210
[inst #684] slli x5,x9,2
Register Write to Reg: 0x05 Val: 0x00000008
[inst #685] add x2,x2,x5
Register Write to Reg: 0x02 Val: 0x7FFFEF9C
[inst #686] lw x1,28(x2)
Register Write to Reg: 0x01 Val: 0x00400068
[inst #687] lw x8,24(x2)
Register Write to Reg: 0x08 Val: 0x10010010
[inst #688] lw x9,20(x2)
Register Write to Reg: 0x09 Val: 0x00000004
[inst #689] lw x18,16(x2)
Register Write to Reg: 0x12 Val: 0x00000002
[inst #690] addi x2,x2,32
Register Write to Reg: 0x02 Val: 0x7FFFEFBC
[inst #691] jalr x0,x1,0
Register Write to Reg: 0x00 Val: 0x00400108
[inst #692] slli x5,x9,2
Register Write to Reg: 0x05 Val: 0x00000010
[inst #693] sub x2,x2,x5
Register Write to Reg: 0x02 Val: 0x7FFFEFAC
[inst #694] add x6,x0,x2
Register Write to Reg: 0x06 Val: 0x7FFFEFAC
[inst #695] slli x7,x18,2
Register Write to Reg: 0x07 Val: 0x00000008
[inst #696] add x28,x6,x7
Register Write to Reg: 0x1C Val: 0x7FFFEFB4
[inst #697] addi x29,x0,0
Register Write to Reg: 0x1D Val: 0x00000000
[inst #698] bge x29,x18,32
[inst #699] slli x30,x29,2
Register Write to Reg: 0x1E Val: 0x00000000
[inst #700] add x31,x8,x30
Register Write to Reg: 0x1F Val: 0x10010010
[inst #701] lw x10,0(x31)
Register Write to Reg: 0x0A Val: 0x00000009
[inst #702] add x31,x6,x30
Register Write to Reg: 0x1F Val: 0x7FFFEFAC
[inst #703] sw x10,0(x31)
Memory Write to Addr: 0x7FFFEFAC Val: 0x00000009
[inst #704] addi x29,x29,1
Register Write to Reg: 0x1D Val: 0x00000001
[inst #705] jal x0,-28
Register Write to Reg: 0x00 Val: 0x004000A0
[inst #706] bge x29,x18,32
[inst #707] slli x30,x29,2
Register Write to Reg: 0x1E Val: 0x00000004
[inst #708] add x31,x8,x30
Register Write to Reg: 0x1F Val: 0x10010014
[inst #709] lw x10,0(x31)
Register Write to Reg: 0x0A Val: 0x00000052
[inst #710] add x31,x6,x30
Register Write to Reg: 0x1F Val: 0x7FFFEFB0
[inst #711] sw x10,0(x31)
Memory Write to Addr: 0x7FFFEFB0 Val: 0x00000052
[inst #712] addi x29,x29,1
Register Write to Reg: 0x1D Val: 0x00000002
[inst #713] jal x0,-28
Register Write to Reg: 0x00 Val: 0x004000A0
[inst #714] bge x29,x18,32
[inst #715] sub x5,x9,x18
Register Write to Reg: 0x05 Val: 0x00000002
[inst #716] addi x29,x0,0
Register Write to Reg: 0x1D Val: 0x00000000
[inst #717] bge x29,x5,40
[inst #718] add x30,x18,x29
Register Write to Reg: 0x1E Val: 0x00000002
[inst #719] slli x30,x30,2
Register Write to Reg: 0x1E Val: 0x00000008
[inst #720] add x31,x8,x30
Register Write to Reg: 0x1F Val: 0x10010018
[inst #721] lw x10,0(x31)
Register Write to Reg: 0x0A Val: 0xFFFFFFFB
[inst #722] slli x30,x29,2
Register Write to Reg: 0x1E Val: 0x00000000
[inst #723] add x31,x28,x30
Register Write to Reg: 0x1F Val: 0x7FFFEFB4
[inst #724] sw x10,0(x31)
Memory Write to Addr: 0x7FFFEFB4 Val: 0xFFFFFFFB
[inst #725] addi x29,x29,1
Register Write to Reg: 0x1D Val: 0x00000001
[inst #726] jal x0,-36
Register Write to Reg: 0x00 Val: 0x004000D0
[inst #727] bge x29,x5,40
[inst #728] add x30,x18,x29
Register Write to Reg: 0x1E Val: 0x00000003
[inst #729] slli x30,x30,2
Register Write to Reg: 0x1E Val: 0x0000000C
[inst #730] add x31,x8,x30
Register Write to Reg: 0x1F Val: 0x1001001C
[inst #731] lw x10,0(x31)
Register Write to Reg: 0x0A Val: 0x0000000A
[inst #732] slli x30,x29,2
Register Write to Reg: 0x1E Val: 0x00000004
[inst #733] add x31,x28,x30
Register Write to Reg: 0x1F Val: 0x7FFFEFB8
[inst #734] sw x10,0(x31)
Memory Write to Addr: 0x7FFFEFB8 Val: 0x0000000A
[inst #735] addi x29,x29,1
Register Write to Reg: 0x1D Val: 0x00000002
[inst #736] jal x0,-36
Register Write to Reg: 0x00 Val: 0x004000D0
[inst #737] bge x29,x5,40
[inst #738] add x10,x0,x8
Register Write to Reg: 0x0A Val: 0x10010010
[inst #739] add x11,x0,x6
Register Write to Reg: 0x0B Val: 0x7FFFEFAC
[inst #740] add x12,x0,x28
Register Write to Reg: 0x0C Val: 0x7FFFEFB4
[inst #741] add x13,x0,x18
Register Write to Reg: 0x0D Val: 0x00000002
[inst #742] sub x14,x9,x18
Register Write to Reg: 0x0E Val: 0x00000002
[inst #743] jal x1,36
Register Write to Reg: 0x01 Val: 0x004000E8
[inst #744] addi x2,x2,-32
Register Write to Reg: 0x02 Val: 0x7FFFEF8C
[inst #745] sw x1,28(x2)
Memory Write to Addr: 0x7FFFEFA8 Val: 0x004000E8
[inst #746] sw x8,24(x2)
Memory Write to Addr: 0x7FFFEFA4 Val: 0x10010010
[inst #747] sw x18,20(x2)
Memory Write to Addr: 0x7FFFEFA0 Val: 0x00000002
[inst #748] sw x19,16(x2)
Memory Write to Addr: 0x7FFFEF9C Val: 0x00000000
[inst #749] sw x20,12(x2)
Memory Write to Addr: 0x7FFFEF98 Val: 0x00000000
[inst #750] sw x21,8(x2)
Memory Write to Addr: 0x7FFFEF94 Val: 0x00000000
[inst #751] sw x22,4(x2)
Memory Write to Addr: 0x7FFFEF90 Val: 0x00000000
[inst #752] sw x23,0(x2)
Memory Write to Addr: 0x7FFFEF8C Val: 0x00000000
[inst #753] add x8,x0,x10
Register Write to Reg: 0x08 Val: 0x10010010
[inst #754] add x19,x0,x11
Register Write to Reg: 0x13 Val: 0x7FFFEFAC
[inst #755] add x20,x0,x12
Register Write to Reg: 0x14 Val: 0x7FFFEFB4
[inst #756] add x18,x0,x13
Register Write to Reg: 0x12 Val: 0x00000002
[inst #757] addi x21,x0,0
Register Write to Reg: 0x15 Val: 0x00000000
[inst #758] addi x22,x0,0
Register Write to Reg: 0x16 Val: 0x00000000
[inst #759] addi x23,x0,0
Register Write to Reg: 0x17 Val: 0x00000000
[inst #760] bge x21,x18,120
[inst #761] bge x22,x14,76
[inst #762] slli x5,x21,2
Register Write to Reg: 0x05 Val: 0x00000000
[inst #763] add x6,x19,x5
Register Write to Reg: 0x06 Val: 0x7FFFEFAC
[inst #764] lw x7,0(x6)
Register Write to Reg: 0x07 Val: 0x00000009
[inst #765] slli x5,x22,2
Register Write to Reg: 0x05 Val: 0x00000000
[inst #766] add x6,x20,x5
Register Write to Reg: 0x06 Val: 0x7FFFEFB4
[inst #767] lw x28,0(x6)
Register Write to Reg: 0x1C Val: 0xFFFFFFFB
[inst #768] blt x28,x7,24
[inst #769] slli x5,x23,2
Register Write to Reg: 0x05 Val: 0x00000000
[inst #770] add x6,x8,x5
Register Write to Reg: 0x06 Val: 0x10010010
[inst #771] sw x28,0(x6)
Memory Write to Addr: 0x10010010 Val: 0xFFFFFFFB
[inst #772] addi x22,x22,1
Register Write to Reg: 0x16 Val: 0x00000001
[inst #773] addi x23,x23,1
Register Write to Reg: 0x17 Val: 0x00000001
[inst #774] jal x0,-76
Register Write to Reg: 0x00 Val: 0x00400198
[inst #775] bge x21,x18,120
[inst #776] bge x22,x14,76
[inst #777] slli x5,x21,2
Register Write to Reg: 0x05 Val: 0x00000000
[inst #778] add x6,x19,x5
Register Write to Reg: 0x06 Val: 0x7FFFEFAC
[inst #779] lw x7,0(x6)
Register Write to Reg: 0x07 Val: 0x00000009
[inst #780] slli x5,x22,2
Register Write to Reg: 0x05 Val: 0x00000004
[inst #781] add x6,x20,x5
Register Write to Reg: 0x06 Val: 0x7FFFEFB8
[inst #782] lw x28,0(x6)
Register Write to Reg: 0x1C Val: 0x0000000A
[inst #783] blt x28,x7,24
[inst #784] slli x5,x23,2
Register Write to Reg: 0x05 Val: 0x00000004
[inst #785] add x6,x8,x5
Register Write to Reg: 0x06 Val: 0x10010014
[inst #786] sw x7,0(x6)
Memory Write to Addr: 0x10010014 Val: 0x00000009
[inst #787] addi x21,x21,1
Register Write to Reg: 0x15 Val: 0x00000001
[inst #788] jal x0,20
Register Write to Reg: 0x00 Val: 0x00400180
[inst #789] addi x23,x23,1
Register Write to Reg: 0x17 Val: 0x00000002
[inst #790] jal x0,-76
Register Write to Reg: 0x00 Val: 0x00400198
[inst #791] bge x21,x18,120
[inst #792] bge x22,x14,76
[inst #793] slli x5,x21,2
Register Write to Reg: 0x05 Val: 0x00000004
[inst #794] add x6,x19,x5
Register Write to Reg: 0x06 Val: 0x7FFFEFB0
[inst #795] lw x7,0(x6)
Register Write to Reg: 0x07 Val: 0x00000052
[inst #796] slli x5,x22,2
Register Write to Reg: 0x05 Val: 0x00000004
[inst #797] add x6,x20,x5
Register Write to Reg: 0x06 Val: 0x7FFFEFB8
[inst #798] lw x28,0(x6)
Register Write to Reg: 0x1C Val: 0x0000000A
[inst #799] blt x28,x7,24
[inst #800] slli x5,x23,2
Register Write to Reg: 0x05 Val: 0x00000008
[inst #801] add x6,x8,x5
Register Write to Reg: 0x06 Val: 0x10010018
[inst #802] sw x28,0(x6)
Memory Write to Addr: 0x10010018 Val: 0x0000000A
[inst #803] addi x22,x22,1
Register Write to Reg: 0x16 Val: 0x00000002
[inst #804] addi x23,x23,1
Register Write to Reg: 0x17 Val: 0x00000003
[inst #805] jal x0,-76
Register Write to Reg: 0x00 Val: 0x00400198
[inst #806] bge x21,x18,120
[inst #807] bge x22,x14,76
[inst #808] bge x21,x18,80
[inst #809] slli x5,x21,2
Register Write to Reg: 0x05 Val: 0x00000004
[inst #810] add x6,x19,x5
Register Write to Reg: 0x06 Val: 0x7FFFEFB0
[inst #811] lw x7,0(x6)
Register Write to Reg: 0x07 Val: 0x00000052
[inst #812] slli x5,x23,2
Register Write to Reg: 0x05 Val: 0x0000000C
[inst #813] add x6,x8,x5
Register Write to Reg: 0x06 Val: 0x1001001C
[inst #814] sw x7,0(x6)
Memory Write to Addr: 0x1001001C Val: 0x00000052
[inst #815] addi x21,x21,1
Register Write to Reg: 0x15 Val: 0x00000002
[inst #816] addi x23,x23,1
Register Write to Reg: 0x17 Val: 0x00000004
[inst #817] jal x0,-36
Register Write to Reg: 0x00 Val: 0x004001C0
[inst #818] bge x21,x18,80
[inst #819] lw x1,28(x2)
Register Write to Reg: 0x01 Val: 0x004000E8
[inst #820] lw x8,24(x2)
Register Write to Reg: 0x08 Val: 0x10010010
[inst #821] lw x18,20(x2)
Register Write to Reg: 0x12 Val: 0x00000002
[inst #822] lw x19,16(x2)
Register Write to Reg: 0x13 Val: 0x00000000
[inst #823] lw x20,12(x2)
Register Write to Reg: 0x14 Val: 0x00000000
[inst #824] lw x21,8(x2)
Register Write to Reg: 0x15 Val: 0x00000000
[inst #825] lw x22,4(x2)
Register Write to Reg: 0x16 Val: 0x00000000
[inst #826] lw x23,0(x2)
Register Write to Reg: 0x17 Val: 0x00000000
[inst #827] addi x2,x2,32
Register Write to Reg: 0x02 Val: 0x7FFFEFAC
[inst #828] jalr x0,x1,0
Register Write to Reg: 0x00 Val: 0x00400210
[inst #829] slli x5,x9,2
Register Write to Reg: 0x05 Val: 0x00000010
[inst #830] add x2,x2,x5
Register Write to Reg: 0x02 Val: 0x7FFFEFBC
[inst #831] lw x1,28(x2)
Register Write to Reg: 0x01 Val: 0x00400068
[inst #832] lw x8,24(x2)
Register Write to Reg: 0x08 Val: 0x10010000
[inst #833] lw x9,20(x2)
Register Write to Reg: 0x09 Val: 0x00000008
[inst #834] lw x18,16(x2)
Register Write to Reg: 0x12 Val: 0x00000004
[inst #835] addi x2,x2,32
Register Write to Reg: 0x02 Val: 0x7FFFEFDC
[inst #836] jalr x0,x1,0
Register Write to Reg: 0x00 Val: 0x00400108
[inst #837] slli x5,x9,2
Register Write to Reg: 0x05 Val: 0x00000020
[inst #838] sub x2,x2,x5
Register Write to Reg: 0x02 Val: 0x7FFFEFBC
[inst #839] add x6,x0,x2
Register Write to Reg: 0x06 Val: 0x7FFFEFBC
[inst #840] slli x7,x18,2
Register Write to Reg: 0x07 Val: 0x00000010
[inst #841] add x28,x6,x7
Register Write to Reg: 0x1C Val: 0x7FFFEFCC
[inst #842] addi x29,x0,0
Register Write to Reg: 0x1D Val: 0x00000000
[inst #843] bge x29,x18,32
[inst #844] slli x30,x29,2
Register Write to Reg: 0x1E Val: 0x00000000
[inst #845] add x31,x8,x30
Register Write to Reg: 0x1F Val: 0x10010000
[inst #846] lw x10,0(x31)
Register Write to Reg: 0x0A Val: 0x00000003
[inst #847] add x31,x6,x30
Register Write to Reg: 0x1F Val: 0x7FFFEFBC
[inst #848] sw x10,0(x31)
Memory Write to Addr: 0x7FFFEFBC Val: 0x00000003
[inst #849] addi x29,x29,1
Register Write to Reg: 0x1D Val: 0x00000001
[inst #850] jal x0,-28
Register Write to Reg: 0x00 Val: 0x004000A0
[inst #851] bge x29,x18,32
[inst #852] slli x30,x29,2
Register Write to Reg: 0x1E Val: 0x00000004
[inst #853] add x31,x8,x30
Register Write to Reg: 0x1F Val: 0x10010004
[inst #854] lw x10,0(x31)
Register Write to Reg: 0x0A Val: 0x0000001B
[inst #855] add x31,x6,x30
Register Write to Reg: 0x1F Val: 0x7FFFEFC0
[inst #856] sw x10,0(x31)
Memory Write to Addr: 0x7FFFEFC0 Val: 0x0000001B
[inst #857] addi x29,x29,1
Register Write to Reg: 0x1D Val: 0x00000002
[inst #858] jal x0,-28
Register Write to Reg: 0x00 Val: 0x004000A0
[inst #859] bge x29,x18,32
[inst #860] slli x30,x29,2
Register Write to Reg: 0x1E Val: 0x00000008
[inst #861] add x31,x8,x30
Register Write to Reg: 0x1F Val: 0x10010008
[inst #862] lw x10,0(x31)
Register Write to Reg: 0x0A Val: 0x00000026
[inst #863] add x31,x6,x30
Register Write to Reg: 0x1F Val: 0x7FFFEFC4
[inst #864] sw x10,0(x31)
Memory Write to Addr: 0x7FFFEFC4 Val: 0x00000026
[inst #865] addi x29,x29,1
Register Write to Reg: 0x1D Val: 0x00000003
[inst #866] jal x0,-28
Register Write to Reg: 0x00 Val: 0x004000A0
[inst #867] bge x29,x18,32
[inst #868] slli x30,x29,2
Register Write to Reg: 0x1E Val: 0x0000000C
[inst #869] add x31,x8,x30
Register Write to Reg: 0x1F Val: 0x1001000C
[inst #870] lw x10,0(x31)
Register Write to Reg: 0x0A Val: 0x0000002B
[inst #871] add x31,x6,x30
Register Write to Reg: 0x1F Val: 0x7FFFEFC8
[inst #872] sw x10,0(x31)
Memory Write to Addr: 0x7FFFEFC8 Val: 0x0000002B
[inst #873] addi x29,x29,1
Register Write to Reg: 0x1D Val: 0x00000004
[inst #874] jal x0,-28
Register Write to Reg: 0x00 Val: 0x004000A0
[inst #875] bge x29,x18,32
[inst #876] sub x5,x9,x18
Register Write to Reg: 0x05 Val: 0x00000004
[inst #877] addi x29,x0,0
Register Write to Reg: 0x1D Val: 0x00000000
[inst #878] bge x29,x5,40
[inst #879] add x30,x18,x29
Register Write to Reg: 0x1E Val: 0x00000004
[inst #880] slli x30,x30,2
Register Write to Reg: 0x1E Val: 0x00000010
[inst #881] add x31,x8,x30
Register Write to Reg: 0x1F Val: 0x10010010
[inst #882] lw x10,0(x31)
Register Write to Reg: 0x0A Val: 0xFFFFFFFB
[inst #883] slli x30,x29,2
Register Write to Reg: 0x1E Val: 0x00000000
[inst #884] add x31,x28,x30
Register Write to Reg: 0x1F Val: 0x7FFFEFCC
[inst #885] sw x10,0(x31)
Memory Write to Addr: 0x7FFFEFCC Val: 0xFFFFFFFB
[inst #886] addi x29,x29,1
Register Write to Reg: 0x1D Val: 0x00000001
[inst #887] jal x0,-36
Register Write to Reg: 0x00 Val: 0x004000D0
[inst #888] bge x29,x5,40
[inst #889] add x30,x18,x29
Register Write to Reg: 0x1E Val: 0x00000005
[inst #890] slli x30,x30,2
Register Write to Reg: 0x1E Val: 0x00000014
[inst #891] add x31,x8,x30
Register Write to Reg: 0x1F Val: 0x10010014
[inst #892] lw x10,0(x31)
Register Write to Reg: 0x0A Val: 0x00000009
[inst #893] slli x30,x29,2
Register Write to Reg: 0x1E Val: 0x00000004
[inst #894] add x31,x28,x30
Register Write to Reg: 0x1F Val: 0x7FFFEFD0
[inst #895] sw x10,0(x31)
Memory Write to Addr: 0x7FFFEFD0 Val: 0x00000009
[inst #896] addi x29,x29,1
Register Write to Reg: 0x1D Val: 0x00000002
[inst #897] jal x0,-36
Register Write to Reg: 0x00 Val: 0x004000D0
[inst #898] bge x29,x5,40
[inst #899] add x30,x18,x29
Register Write to Reg: 0x1E Val: 0x00000006
[inst #900] slli x30,x30,2
Register Write to Reg: 0x1E Val: 0x00000018
[inst #901] add x31,x8,x30
Register Write to Reg: 0x1F Val: 0x10010018
[inst #902] lw x10,0(x31)
Register Write to Reg: 0x0A Val: 0x0000000A
[inst #903] slli x30,x29,2
Register Write to Reg: 0x1E Val: 0x00000008
[inst #904] add x31,x28,x30
Register Write to Reg: 0x1F Val: 0x7FFFEFD4
[inst #905] sw x10,0(x31)
Memory Write to Addr: 0x7FFFEFD4 Val: 0x0000000A
[inst #906] addi x29,x29,1
Register Write to Reg: 0x1D Val: 0x00000003
[inst #907] jal x0,-36
Register Write to Reg: 0x00 Val: 0x004000D0
[inst #908] bge x29,x5,40
[inst #909] add x30,x18,x29
Register Write to Reg: 0x1E Val: 0x00000007
[inst #910] slli x30,x30,2
Register Write to Reg: 0x1E Val: 0x0000001C
[inst #911] add x31,x8,x30
Register Write to Reg: 0x1F Val: 0x1001001C
[inst #912] lw x10,0(x31)
Register Write to Reg: 0x0A Val: 0x00000052
[inst #913] slli x30,x29,2
Register Write to Reg: 0x1E Val: 0x0000000C
[inst #914] add x31,x28,x30
Register Write to Reg: 0x1F Val: 0x7FFFEFD8
[inst #915] sw x10,0(x31)
Memory Write to Addr: 0x7FFFEFD8 Val: 0x00000052
[inst #916] addi x29,x29,1
Register Write to Reg: 0x1D Val: 0x00000004
[inst #917] jal x0,-36
Register Write to Reg: 0x00 Val: 0x004000D0
[inst #918] bge x29,x5,40
[inst #919] add x10,x0,x8
Register Write to Reg: 0x0A Val: 0x10010000
[inst #920] add x11,x0,x6
Register Write to Reg: 0x0B Val: 0x7FFFEFBC
[inst #921] add x12,x0,x28
Register Write to Reg: 0x0C Val: 0x7FFFEFCC
[inst #922] add x13,x0,x18
Register Write to Reg: 0x0D Val: 0x00000004
[inst #923] sub x14,x9,x18
Register Write to Reg: 0x0E Val: 0x00000004
[inst #924] jal x1,36
Register Write to Reg: 0x01 Val: 0x004000E8
[inst #925] addi x2,x2,-32
Register Write to Reg: 0x02 Val: 0x7FFFEF9C
[inst #926] sw x1,28(x2)
Memory Write to Addr: 0x7FFFEFB8 Val: 0x004000E8
[inst #927] sw x8,24(x2)
Memory Write to Addr: 0x7FFFEFB4 Val: 0x10010000
[inst #928] sw x18,20(x2)
Memory Write to Addr: 0x7FFFEFB0 Val: 0x00000004
[inst #929] sw x19,16(x2)
Memory Write to Addr: 0x7FFFEFAC Val: 0x00000000
[inst #930] sw x20,12(x2)
Memory Write to Addr: 0x7FFFEFA8 Val: 0x00000000
[inst #931] sw x21,8(x2)
Memory Write to Addr: 0x7FFFEFA4 Val: 0x00000000
[inst #932] sw x22,4(x2)
Memory Write to Addr: 0x7FFFEFA0 Val: 0x00000000
[inst #933] sw x23,0(x2)
Memory Write to Addr: 0x7FFFEF9C Val: 0x00000000
[inst #934] add x8,x0,x10
Register Write to Reg: 0x08 Val: 0x10010000
[inst #935] add x19,x0,x11
Register Write to Reg: 0x13 Val: 0x7FFFEFBC
[inst #936] add x20,x0,x12
Register Write to Reg: 0x14 Val: 0x7FFFEFCC
[inst #937] add x18,x0,x13
Register Write to Reg: 0x12 Val: 0x00000004
[inst #938] addi x21,x0,0
Register Write to Reg: 0x15 Val: 0x00000000
[inst #939] addi x22,x0,0
Register Write to Reg: 0x16 Val: 0x00000000
[inst #940] addi x23,x0,0
Register Write to Reg: 0x17 Val: 0x00000000
[inst #941] bge x21,x18,120
[inst #942] bge x22,x14,76
[inst #943] slli x5,x21,2
Register Write to Reg: 0x05 Val: 0x00000000
[inst #944] add x6,x19,x5
Register Write to Reg: 0x06 Val: 0x7FFFEFBC
[inst #945] lw x7,0(x6)
Register Write to Reg: 0x07 Val: 0x00000003
[inst #946] slli x5,x22,2
Register Write to Reg: 0x05 Val: 0x00000000
[inst #947] add x6,x20,x5
Register Write to Reg: 0x06 Val: 0x7FFFEFCC
[inst #948] lw x28,0(x6)
Register Write to Reg: 0x1C Val: 0xFFFFFFFB
[inst #949] blt x28,x7,24
[inst #950] slli x5,x23,2
Register Write to Reg: 0x05 Val: 0x00000000
[inst #951] add x6,x8,x5
Register Write to Reg: 0x06 Val: 0x10010000
[inst #952] sw x28,0(x6)
Memory Write to Addr: 0x10010000 Val: 0xFFFFFFFB
[inst #953] addi x22,x22,1
Register Write to Reg: 0x16 Val: 0x00000001
[inst #954] addi x23,x23,1
Register Write to Reg: 0x17 Val: 0x00000001
[inst #955] jal x0,-76
Register Write to Reg: 0x00 Val: 0x00400198
[inst #956] bge x21,x18,120
[inst #957] bge x22,x14,76
[inst #958] slli x5,x21,2
Register Write to Reg: 0x05 Val: 0x00000000
[inst #959] add x6,x19,x5
Register Write to Reg: 0x06 Val: 0x7FFFEFBC
[inst #960] lw x7,0(x6)
Register Write to Reg: 0x07 Val: 0x00000003
[inst #961] slli x5,x22,2
Register Write to Reg: 0x05 Val: 0x00000004
[inst #962] add x6,x20,x5
Register Write to Reg: 0x06 Val: 0x7FFFEFD0
[inst #963] lw x28,0(x6)
Register Write to Reg: 0x1C Val: 0x00000009
[inst #964] blt x28,x7,24
[inst #965] slli x5,x23,2
Register Write to Reg: 0x05 Val: 0x00000004
[inst #966] add x6,x8,x5
Register Write to Reg: 0x06 Val: 0x10010004
[inst #967] sw x7,0(x6)
Memory Write to Addr: 0x10010004 Val: 0x00000003
[inst #968] addi x21,x21,1
Register Write to Reg: 0x15 Val: 0x00000001
[inst #969] jal x0,20
Register Write to Reg: 0x00 Val: 0x00400180
[inst #970] addi x23,x23,1
Register Write to Reg: 0x17 Val: 0x00000002
[inst #971] jal x0,-76
Register Write to Reg: 0x00 Val: 0x00400198
[inst #972] bge x21,x18,120
[inst #973] bge x22,x14,76
[inst #974] slli x5,x21,2
Register Write to Reg: 0x05 Val: 0x00000004
[inst #975] add x6,x19,x5
Register Write to Reg: 0x06 Val: 0x7FFFEFC0
[inst #976] lw x7,0(x6)
Register Write to Reg: 0x07 Val: 0x0000001B
[inst #977] slli x5,x22,2
Register Write to Reg: 0x05 Val: 0x00000004
[inst #978] add x6,x20,x5
Register Write to Reg: 0x06 Val: 0x7FFFEFD0
[inst #979] lw x28,0(x6)
Register Write to Reg: 0x1C Val: 0x00000009
[inst #980] blt x28,x7,24
[inst #981] slli x5,x23,2
Register Write to Reg: 0x05 Val: 0x00000008
[inst #982] add x6,x8,x5
Register Write to Reg: 0x06 Val: 0x10010008
[inst #983] sw x28,0(x6)
Memory Write to Addr: 0x10010008 Val: 0x00000009
[inst #984] addi x22,x22,1
Register Write to Reg: 0x16 Val: 0x00000002
[inst #985] addi x23,x23,1
Register Write to Reg: 0x17 Val: 0x00000003
[inst #986] jal x0,-76
Register Write to Reg: 0x00 Val: 0x00400198
[inst #987] bge x21,x18,120
[inst #988] bge x22,x14,76
[inst #989] slli x5,x21,2
Register Write to Reg: 0x05 Val: 0x00000004
[inst #990] add x6,x19,x5
Register Write to Reg: 0x06 Val: 0x7FFFEFC0
[inst #991] lw x7,0(x6)
Register Write to Reg: 0x07 Val: 0x0000001B
[inst #992] slli x5,x22,2
Register Write to Reg: 0x05 Val: 0x00000008
[inst #993] add x6,x20,x5
Register Write to Reg: 0x06 Val: 0x7FFFEFD4
[inst #994] lw x28,0(x6)
Register Write to Reg: 0x1C Val: 0x0000000A
[inst #995] blt x28,x7,24
[inst #996] slli x5,x23,2
Register Write to Reg: 0x05 Val: 0x0000000C
[inst #997] add x6,x8,x5
Register Write to Reg: 0x06 Val: 0x1001000C
[inst #998] sw x28,0(x6)
Memory Write to Addr: 0x1001000C Val: 0x0000000A
[inst #999] addi x22,x22,1
Register Write to Reg: 0x16 Val: 0x00000003
[inst #1000] addi x23,x23,1
Register Write to Reg: 0x17 Val: 0x00000004
[inst #1001] jal x0,-76
Register Write to Reg: 0x00 Val: 0x00400198
[inst #1002] bge x21,x18,120
[inst #1003] bge x22,x14,76
[inst #1004] slli x5,x21,2
Register Write to Reg: 0x05 Val: 0x00000004
[inst #1005] add x6,x19,x5
Register Write to Reg: 0x06 Val: 0x7FFFEFC0
[inst #1006] lw x7,0(x6)
Register Write to Reg: 0x07 Val: 0x0000001B
[inst #1007] slli x5,x22,2
Register Write to Reg: 0x05 Val: 0x0000000C
[inst #1008] add x6,x20,x5
Register Write to Reg: 0x06 Val: 0x7FFFEFD8
[inst #1009] lw x28,0(x6)
Register Write to Reg: 0x1C Val: 0x00000052
[inst #1010] blt x28,x7,24
[inst #1011] slli x5,x23,2
Register Write to Reg: 0x05 Val: 0x00000010
[inst #1012] add x6,x8,x5
Register Write to Reg: 0x06 Val: 0x10010010
[inst #1013] sw x7,0(x6)
Memory Write to Addr: 0x10010010 Val: 0x0000001B
[inst #1014] addi x21,x21,1
Register Write to Reg: 0x15 Val: 0x00000002
[inst #1015] jal x0,20
Register Write to Reg: 0x00 Val: 0x00400180
[inst #1016] addi x23,x23,1
Register Write to Reg: 0x17 Val: 0x00000005
[inst #1017] jal x0,-76
Register Write to Reg: 0x00 Val: 0x00400198
[inst #1018] bge x21,x18,120
[inst #1019] bge x22,x14,76
[inst #1020] slli x5,x21,2
Register Write to Reg: 0x05 Val: 0x00000008
[inst #1021] add x6,x19,x5
Register Write to Reg: 0x06 Val: 0x7FFFEFC4
[inst #1022] lw x7,0(x6)
Register Write to Reg: 0x07 Val: 0x00000026
[inst #1023] slli x5,x22,2
Register Write to Reg: 0x05 Val: 0x0000000C
[inst #1024] add x6,x20,x5
Register Write to Reg: 0x06 Val: 0x7FFFEFD8
[inst #1025] lw x28,0(x6)
Register Write to Reg: 0x1C Val: 0x00000052
[inst #1026] blt x28,x7,24
[inst #1027] slli x5,x23,2
Register Write to Reg: 0x05 Val: 0x00000014
[inst #1028] add x6,x8,x5
Register Write to Reg: 0x06 Val: 0x10010014
[inst #1029] sw x7,0(x6)
Memory Write to Addr: 0x10010014 Val: 0x00000026
[inst #1030] addi x21,x21,1
Register Write to Reg: 0x15 Val: 0x00000003
[inst #1031] jal x0,20
Register Write to Reg: 0x00 Val: 0x00400180
[inst #1032] addi x23,x23,1
Register Write to Reg: 0x17 Val: 0x00000006
[inst #1033] jal x0,-76
Register Write to Reg: 0x00 Val: 0x00400198
[inst #1034] bge x21,x18,120
[inst #1035] bge x22,x14,76
[inst #1036] slli x5,x21,2
Register Write to Reg: 0x05 Val: 0x0000000C
[inst #1037] add x6,x19,x5
Register Write to Reg: 0x06 Val: 0x7FFFEFC8
[inst #1038] lw x7,0(x6)
Register Write to Reg: 0x07 Val: 0x0000002B
[inst #1039] slli x5,x22,2
Register Write to Reg: 0x05 Val: 0x0000000C
[inst #1040] add x6,x20,x5
Register Write to Reg: 0x06 Val: 0x7FFFEFD8
[inst #1041] lw x28,0(x6)
Register Write to Reg: 0x1C Val: 0x00000052
[inst #1042] blt x28,x7,24
[inst #1043] slli x5,x23,2
Register Write to Reg: 0x05 Val: 0x00000018
[inst #1044] add x6,x8,x5
Register Write to Reg: 0x06 Val: 0x10010018
[inst #1045] sw x7,0(x6)
Memory Write to Addr: 0x10010018 Val: 0x0000002B
[inst #1046] addi x21,x21,1
Register Write to Reg: 0x15 Val: 0x00000004
[inst #1047] jal x0,20
Register Write to Reg: 0x00 Val: 0x00400180
[inst #1048] addi x23,x23,1
Register Write to Reg: 0x17 Val: 0x00000007
[inst #1049] jal x0,-76
Register Write to Reg: 0x00 Val: 0x00400198
[inst #1050] bge x21,x18,120
[inst #1051] bge x22,x14,40
[inst #1052] slli x5,x22,2
Register Write to Reg: 0x05 Val: 0x0000000C
[inst #1053] add x6,x20,x5
Register Write to Reg: 0x06 Val: 0x7FFFEFD8
[inst #1054] lw x28,0(x6)
Register Write to Reg: 0x1C Val: 0x00000052
[inst #1055] slli x5,x23,2
Register Write to Reg: 0x05 Val: 0x0000001C
[inst #1056] add x6,x8,x5
Register Write to Reg: 0x06 Val: 0x1001001C
[inst #1057] sw x28,0(x6)
Memory Write to Addr: 0x1001001C Val: 0x00000052
[inst #1058] addi x22,x22,1
Register Write to Reg: 0x16 Val: 0x00000004
[inst #1059] addi x23,x23,1
Register Write to Reg: 0x17 Val: 0x00000008
[inst #1060] jal x0,-36
Register Write to Reg: 0x00 Val: 0x004001E8
[inst #1061] bge x22,x14,40
[inst #1062] lw x1,28(x2)
Register Write to Reg: 0x01 Val: 0x004000E8
[inst #1063] lw x8,24(x2)
Register Write to Reg: 0x08 Val: 0x10010000
[inst #1064] lw x18,20(x2)
Register Write to Reg: 0x12 Val: 0x00000004
[inst #1065] lw x19,16(x2)
Register Write to Reg: 0x13 Val: 0x00000000
[inst #1066] lw x20,12(x2)
Register Write to Reg: 0x14 Val: 0x00000000
[inst #1067] lw x21,8(x2)
Register Write to Reg: 0x15 Val: 0x00000000
[inst #1068] lw x22,4(x2)
Register Write to Reg: 0x16 Val: 0x00000000
[inst #1069] lw x23,0(x2)
Register Write to Reg: 0x17 Val: 0x00000000
[inst #1070] addi x2,x2,32
Register Write to Reg: 0x02 Val: 0x7FFFEFBC
[inst #1071] jalr x0,x1,0
Register Write to Reg: 0x00 Val: 0x00400210
[inst #1072] slli x5,x9,2
Register Write to Reg: 0x05 Val: 0x00000020
[inst #1073] add x2,x2,x5
Register Write to Reg: 0x02 Val: 0x7FFFEFDC
[inst #1074] lw x1,28(x2)
Register Write to Reg: 0x01 Val: 0x00400014
[inst #1075] lw x8,24(x2)
Register Write to Reg: 0x08 Val: 0x00000000
[inst #1076] lw x9,20(x2)
Register Write to Reg: 0x09 Val: 0x00000000
[inst #1077] lw x18,16(x2)
Register Write to Reg: 0x12 Val: 0x00000000
[inst #1078] addi x2,x2,32
Register Write to Reg: 0x02 Val: 0x7FFFEFFC
[inst #1079] jalr x0,x1,0
Register Write to Reg: 0x00 Val: 0x00400108
[inst #1080] addi x17,x0,10
Register Write to Reg: 0x11 Val: 0x0000000A
[inst #1081] ecall 

Program terminated by calling exit
