
Exception caught at 2025-10-22 12:05:28.002133:
Traceback (most recent call last):
  File "/home/blanef/CPRE3810/cpre3810-toolflow/internal/snthpy/synthesis.py", line 89, in <module>
    main(args)
  File "/home/blanef/CPRE3810/cpre3810-toolflow/internal/snthpy/synthesis.py", line 34, in main
    config_parameters, env = config_parser.read_config(args.config)
  File "/home/blanef/CPRE3810/cpre3810-toolflow/internal/snthpy/config_parser.py", line 69, in read_config
    rars_tok = json.loads(c.get(config, "rars_token"))
  File "/usr/lib64/python3.9/configparser.py", line 799, in get
    return self._interpolation.before_get(self, section, option, value,
  File "/usr/lib64/python3.9/configparser.py", line 395, in before_get
    self._interpolate_some(parser, option, L, value, section, defaults, 1)
  File "/usr/lib64/python3.9/configparser.py", line 434, in _interpolate_some
    raise InterpolationMissingOptionError(
configparser.InterpolationMissingOptionError: Bad value substitution: option 'rars_token' in section 'Lab' contains an interpolation key 'rars_p_tok' which is not a valid option name. Raw value: '%(RARS_P_TOK)s'

Exception caught at 2025-10-22 12:06:32.395141:
Traceback (most recent call last):
  File "/home/blanef/CPRE3810/cpre3810-toolflow/internal/snthpy/synthesis.py", line 89, in <module>
    main(args)
  File "/home/blanef/CPRE3810/cpre3810-toolflow/internal/snthpy/synthesis.py", line 34, in main
    config_parameters, env = config_parser.read_config(args.config)
  File "/home/blanef/CPRE3810/cpre3810-toolflow/internal/snthpy/config_parser.py", line 69, in read_config
    rars_tok = json.loads(c.get(config, "rars_token"))
  File "/usr/lib64/python3.9/configparser.py", line 799, in get
    return self._interpolation.before_get(self, section, option, value,
  File "/usr/lib64/python3.9/configparser.py", line 395, in before_get
    self._interpolate_some(parser, option, L, value, section, defaults, 1)
  File "/usr/lib64/python3.9/configparser.py", line 434, in _interpolate_some
    raise InterpolationMissingOptionError(
configparser.InterpolationMissingOptionError: Bad value substitution: option 'rars_token' in section 'Lab' contains an interpolation key 'rars_p_tok' which is not a valid option name. Raw value: '%(RARS_P_TOK)s'

Exception caught at 2025-10-22 12:08:26.947676:
Traceback (most recent call last):
  File "/home/blanef/CPRE3810/cpre3810-toolflow/internal/snthpy/synthesis.py", line 89, in <module>
    main(args)
  File "/home/blanef/CPRE3810/cpre3810-toolflow/internal/snthpy/synthesis.py", line 34, in main
    config_parameters, env = config_parser.read_config(args.config)
  File "/home/blanef/CPRE3810/cpre3810-toolflow/internal/snthpy/config_parser.py", line 69, in read_config
    rars_tok = json.loads(c.get(config, "rars_token"))
  File "/usr/lib64/python3.9/configparser.py", line 799, in get
    return self._interpolation.before_get(self, section, option, value,
  File "/usr/lib64/python3.9/configparser.py", line 395, in before_get
    self._interpolate_some(parser, option, L, value, section, defaults, 1)
  File "/usr/lib64/python3.9/configparser.py", line 434, in _interpolate_some
    raise InterpolationMissingOptionError(
configparser.InterpolationMissingOptionError: Bad value substitution: option 'rars_token' in section 'Lab' contains an interpolation key 'rars_p_tok' which is not a valid option name. Raw value: '%(RARS_P_TOK)s'
