[inst #1] ori x8,x0,291
Register Write to Reg: 0x08 Val: 0x00000123
[inst #2] jal x0,8
Register Write to Reg: 0x00 Val: 0x00400008
[inst #3] ori x9,x0,291
Register Write to Reg: 0x09 Val: 0x00000123
[inst #4] beq x8,x9,8
[inst #5] jal x1,20
Register Write to Reg: 0x01 Val: 0x0040001C
[inst #6] ori x18,x0,291
Register Write to Reg: 0x12 Val: 0x00000123
[inst #7] jalr x0,x1,0
Register Write to Reg: 0x00 Val: 0x00400034
[inst #8] ori x19,x0,291
Register Write to Reg: 0x13 Val: 0x00000123
[inst #9] beq x8,x0,20
[inst #10] ori x20,x0,291
Register Write to Reg: 0x14 Val: 0x00000123
[inst #11] jal x0,12
Register Write to Reg: 0x00 Val: 0x0040002C
[inst #12] wfi 

Program terminated by dropping off the bottom.
