[inst #1] auipc x8,64528
Register Write to Reg: 0x08 Val: 0x10010000
[inst #2] addi x8,x8,0
Register Write to Reg: 0x08 Val: 0x10010000
[inst #3] auipc x21,64528
Register Write to Reg: 0x15 Val: 0x10010008
[inst #4] addi x21,x21,68
Register Write to Reg: 0x15 Val: 0x1001004C
[inst #5] lw x21,0(x21)
Register Write to Reg: 0x15 Val: 0x00000013
[inst #6] addi x18,x0,1
Register Write to Reg: 0x12 Val: 0x00000001
[inst #7] sw x18,0(x8)
Memory Write to Addr: 0x10010000 Val: 0x00000001
[inst #8] sw x18,4(x8)
Memory Write to Addr: 0x10010004 Val: 0x00000001
[inst #9] addi x9,x21,-2
Register Write to Reg: 0x09 Val: 0x00000011
[inst #10] lw x19,0(x8)
Register Write to Reg: 0x13 Val: 0x00000001
[inst #11] lw x20,4(x8)
Register Write to Reg: 0x14 Val: 0x00000001
[inst #12] add x18,x19,x20
Register Write to Reg: 0x12 Val: 0x00000002
[inst #13] sw x18,8(x8)
Memory Write to Addr: 0x10010008 Val: 0x00000002
[inst #14] addi x8,x8,4
Register Write to Reg: 0x08 Val: 0x10010004
[inst #15] addi x9,x9,-1
Register Write to Reg: 0x09 Val: 0x00000010
[inst #16] bne x9,x0,-24
[inst #17] lw x19,0(x8)
Register Write to Reg: 0x13 Val: 0x00000001
[inst #18] lw x20,4(x8)
Register Write to Reg: 0x14 Val: 0x00000002
[inst #19] add x18,x19,x20
Register Write to Reg: 0x12 Val: 0x00000003
[inst #20] sw x18,8(x8)
Memory Write to Addr: 0x1001000C Val: 0x00000003
[inst #21] addi x8,x8,4
Register Write to Reg: 0x08 Val: 0x10010008
[inst #22] addi x9,x9,-1
Register Write to Reg: 0x09 Val: 0x0000000F
[inst #23] bne x9,x0,-24
[inst #24] lw x19,0(x8)
Register Write to Reg: 0x13 Val: 0x00000002
[inst #25] lw x20,4(x8)
Register Write to Reg: 0x14 Val: 0x00000003
[inst #26] add x18,x19,x20
Register Write to Reg: 0x12 Val: 0x00000005
[inst #27] sw x18,8(x8)
Memory Write to Addr: 0x10010010 Val: 0x00000005
[inst #28] addi x8,x8,4
Register Write to Reg: 0x08 Val: 0x1001000C
[inst #29] addi x9,x9,-1
Register Write to Reg: 0x09 Val: 0x0000000E
[inst #30] bne x9,x0,-24
[inst #31] lw x19,0(x8)
Register Write to Reg: 0x13 Val: 0x00000003
[inst #32] lw x20,4(x8)
Register Write to Reg: 0x14 Val: 0x00000005
[inst #33] add x18,x19,x20
Register Write to Reg: 0x12 Val: 0x00000008
[inst #34] sw x18,8(x8)
Memory Write to Addr: 0x10010014 Val: 0x00000008
[inst #35] addi x8,x8,4
Register Write to Reg: 0x08 Val: 0x10010010
[inst #36] addi x9,x9,-1
Register Write to Reg: 0x09 Val: 0x0000000D
[inst #37] bne x9,x0,-24
[inst #38] lw x19,0(x8)
Register Write to Reg: 0x13 Val: 0x00000005
[inst #39] lw x20,4(x8)
Register Write to Reg: 0x14 Val: 0x00000008
[inst #40] add x18,x19,x20
Register Write to Reg: 0x12 Val: 0x0000000D
[inst #41] sw x18,8(x8)
Memory Write to Addr: 0x10010018 Val: 0x0000000D
[inst #42] addi x8,x8,4
Register Write to Reg: 0x08 Val: 0x10010014
[inst #43] addi x9,x9,-1
Register Write to Reg: 0x09 Val: 0x0000000C
[inst #44] bne x9,x0,-24
[inst #45] lw x19,0(x8)
Register Write to Reg: 0x13 Val: 0x00000008
[inst #46] lw x20,4(x8)
Register Write to Reg: 0x14 Val: 0x0000000D
[inst #47] add x18,x19,x20
Register Write to Reg: 0x12 Val: 0x00000015
[inst #48] sw x18,8(x8)
Memory Write to Addr: 0x1001001C Val: 0x00000015
[inst #49] addi x8,x8,4
Register Write to Reg: 0x08 Val: 0x10010018
[inst #50] addi x9,x9,-1
Register Write to Reg: 0x09 Val: 0x0000000B
[inst #51] bne x9,x0,-24
[inst #52] lw x19,0(x8)
Register Write to Reg: 0x13 Val: 0x0000000D
[inst #53] lw x20,4(x8)
Register Write to Reg: 0x14 Val: 0x00000015
[inst #54] add x18,x19,x20
Register Write to Reg: 0x12 Val: 0x00000022
[inst #55] sw x18,8(x8)
Memory Write to Addr: 0x10010020 Val: 0x00000022
[inst #56] addi x8,x8,4
Register Write to Reg: 0x08 Val: 0x1001001C
[inst #57] addi x9,x9,-1
Register Write to Reg: 0x09 Val: 0x0000000A
[inst #58] bne x9,x0,-24
[inst #59] lw x19,0(x8)
Register Write to Reg: 0x13 Val: 0x00000015
[inst #60] lw x20,4(x8)
Register Write to Reg: 0x14 Val: 0x00000022
[inst #61] add x18,x19,x20
Register Write to Reg: 0x12 Val: 0x00000037
[inst #62] sw x18,8(x8)
Memory Write to Addr: 0x10010024 Val: 0x00000037
[inst #63] addi x8,x8,4
Register Write to Reg: 0x08 Val: 0x10010020
[inst #64] addi x9,x9,-1
Register Write to Reg: 0x09 Val: 0x00000009
[inst #65] bne x9,x0,-24
[inst #66] lw x19,0(x8)
Register Write to Reg: 0x13 Val: 0x00000022
[inst #67] lw x20,4(x8)
Register Write to Reg: 0x14 Val: 0x00000037
[inst #68] add x18,x19,x20
Register Write to Reg: 0x12 Val: 0x00000059
[inst #69] sw x18,8(x8)
Memory Write to Addr: 0x10010028 Val: 0x00000059
[inst #70] addi x8,x8,4
Register Write to Reg: 0x08 Val: 0x10010024
[inst #71] addi x9,x9,-1
Register Write to Reg: 0x09 Val: 0x00000008
[inst #72] bne x9,x0,-24
[inst #73] lw x19,0(x8)
Register Write to Reg: 0x13 Val: 0x00000037
[inst #74] lw x20,4(x8)
Register Write to Reg: 0x14 Val: 0x00000059
[inst #75] add x18,x19,x20
Register Write to Reg: 0x12 Val: 0x00000090
[inst #76] sw x18,8(x8)
Memory Write to Addr: 0x1001002C Val: 0x00000090
[inst #77] addi x8,x8,4
Register Write to Reg: 0x08 Val: 0x10010028
[inst #78] addi x9,x9,-1
Register Write to Reg: 0x09 Val: 0x00000007
[inst #79] bne x9,x0,-24
[inst #80] lw x19,0(x8)
Register Write to Reg: 0x13 Val: 0x00000059
[inst #81] lw x20,4(x8)
Register Write to Reg: 0x14 Val: 0x00000090
[inst #82] add x18,x19,x20
Register Write to Reg: 0x12 Val: 0x000000E9
[inst #83] sw x18,8(x8)
Memory Write to Addr: 0x10010030 Val: 0x000000E9
[inst #84] addi x8,x8,4
Register Write to Reg: 0x08 Val: 0x1001002C
[inst #85] addi x9,x9,-1
Register Write to Reg: 0x09 Val: 0x00000006
[inst #86] bne x9,x0,-24
[inst #87] lw x19,0(x8)
Register Write to Reg: 0x13 Val: 0x00000090
[inst #88] lw x20,4(x8)
Register Write to Reg: 0x14 Val: 0x000000E9
[inst #89] add x18,x19,x20
Register Write to Reg: 0x12 Val: 0x00000179
[inst #90] sw x18,8(x8)
Memory Write to Addr: 0x10010034 Val: 0x00000179
[inst #91] addi x8,x8,4
Register Write to Reg: 0x08 Val: 0x10010030
[inst #92] addi x9,x9,-1
Register Write to Reg: 0x09 Val: 0x00000005
[inst #93] bne x9,x0,-24
[inst #94] lw x19,0(x8)
Register Write to Reg: 0x13 Val: 0x000000E9
[inst #95] lw x20,4(x8)
Register Write to Reg: 0x14 Val: 0x00000179
[inst #96] add x18,x19,x20
Register Write to Reg: 0x12 Val: 0x00000262
[inst #97] sw x18,8(x8)
Memory Write to Addr: 0x10010038 Val: 0x00000262
[inst #98] addi x8,x8,4
Register Write to Reg: 0x08 Val: 0x10010034
[inst #99] addi x9,x9,-1
Register Write to Reg: 0x09 Val: 0x00000004
[inst #100] bne x9,x0,-24
[inst #101] lw x19,0(x8)
Register Write to Reg: 0x13 Val: 0x00000179
[inst #102] lw x20,4(x8)
Register Write to Reg: 0x14 Val: 0x00000262
[inst #103] add x18,x19,x20
Register Write to Reg: 0x12 Val: 0x000003DB
[inst #104] sw x18,8(x8)
Memory Write to Addr: 0x1001003C Val: 0x000003DB
[inst #105] addi x8,x8,4
Register Write to Reg: 0x08 Val: 0x10010038
[inst #106] addi x9,x9,-1
Register Write to Reg: 0x09 Val: 0x00000003
[inst #107] bne x9,x0,-24
[inst #108] lw x19,0(x8)
Register Write to Reg: 0x13 Val: 0x00000262
[inst #109] lw x20,4(x8)
Register Write to Reg: 0x14 Val: 0x000003DB
[inst #110] add x18,x19,x20
Register Write to Reg: 0x12 Val: 0x0000063D
[inst #111] sw x18,8(x8)
Memory Write to Addr: 0x10010040 Val: 0x0000063D
[inst #112] addi x8,x8,4
Register Write to Reg: 0x08 Val: 0x1001003C
[inst #113] addi x9,x9,-1
Register Write to Reg: 0x09 Val: 0x00000002
[inst #114] bne x9,x0,-24
[inst #115] lw x19,0(x8)
Register Write to Reg: 0x13 Val: 0x000003DB
[inst #116] lw x20,4(x8)
Register Write to Reg: 0x14 Val: 0x0000063D
[inst #117] add x18,x19,x20
Register Write to Reg: 0x12 Val: 0x00000A18
[inst #118] sw x18,8(x8)
Memory Write to Addr: 0x10010044 Val: 0x00000A18
[inst #119] addi x8,x8,4
Register Write to Reg: 0x08 Val: 0x10010040
[inst #120] addi x9,x9,-1
Register Write to Reg: 0x09 Val: 0x00000001
[inst #121] bne x9,x0,-24
[inst #122] lw x19,0(x8)
Register Write to Reg: 0x13 Val: 0x0000063D
[inst #123] lw x20,4(x8)
Register Write to Reg: 0x14 Val: 0x00000A18
[inst #124] add x18,x19,x20
Register Write to Reg: 0x12 Val: 0x00001055
[inst #125] sw x18,8(x8)
Memory Write to Addr: 0x10010048 Val: 0x00001055
[inst #126] addi x8,x8,4
Register Write to Reg: 0x08 Val: 0x10010044
[inst #127] addi x9,x9,-1
Register Write to Reg: 0x09 Val: 0x00000000
[inst #128] bne x9,x0,-24
[inst #129] auipc x10,64528
Register Write to Reg: 0x0A Val: 0x10010040
[inst #130] addi x10,x10,-64
Register Write to Reg: 0x0A Val: 0x10010000
[inst #131] add x11,x0,x21
Register Write to Reg: 0x0B Val: 0x00000013
[inst #132] jal x1,8
Register Write to Reg: 0x01 Val: 0x00400050
[inst #133] add x5,x0,x10
Register Write to Reg: 0x05 Val: 0x10010000
[inst #134] add x6,x0,x11
Register Write to Reg: 0x06 Val: 0x00000013
[inst #135] auipc x10,64528
Register Write to Reg: 0x0A Val: 0x1001005C
[inst #136] addi x10,x10,-10
Register Write to Reg: 0x0A Val: 0x10010052
[inst #137] ori x17,x0,4
Register Write to Reg: 0x11 Val: 0x00000004
[inst #138] lw x10,0(x5)
Register Write to Reg: 0x0A Val: 0x00000001
[inst #139] ori x17,x0,1
Register Write to Reg: 0x11 Val: 0x00000001
[inst #140] auipc x10,64528
Register Write to Reg: 0x0A Val: 0x10010070
[inst #141] addi x10,x10,-32
Register Write to Reg: 0x0A Val: 0x10010050
[inst #142] ori x17,x0,4
Register Write to Reg: 0x11 Val: 0x00000004
[inst #143] addi x5,x5,4
Register Write to Reg: 0x05 Val: 0x10010004
[inst #144] addi x6,x6,-1
Register Write to Reg: 0x06 Val: 0x00000012
[inst #145] bne x6,x0,-28
[inst #146] lw x10,0(x5)
Register Write to Reg: 0x0A Val: 0x00000001
[inst #147] ori x17,x0,1
Register Write to Reg: 0x11 Val: 0x00000001
[inst #148] auipc x10,64528
Register Write to Reg: 0x0A Val: 0x10010070
[inst #149] addi x10,x10,-32
Register Write to Reg: 0x0A Val: 0x10010050
[inst #150] ori x17,x0,4
Register Write to Reg: 0x11 Val: 0x00000004
[inst #151] addi x5,x5,4
Register Write to Reg: 0x05 Val: 0x10010008
[inst #152] addi x6,x6,-1
Register Write to Reg: 0x06 Val: 0x00000011
[inst #153] bne x6,x0,-28
[inst #154] lw x10,0(x5)
Register Write to Reg: 0x0A Val: 0x00000002
[inst #155] ori x17,x0,1
Register Write to Reg: 0x11 Val: 0x00000001
[inst #156] auipc x10,64528
Register Write to Reg: 0x0A Val: 0x10010070
[inst #157] addi x10,x10,-32
Register Write to Reg: 0x0A Val: 0x10010050
[inst #158] ori x17,x0,4
Register Write to Reg: 0x11 Val: 0x00000004
[inst #159] addi x5,x5,4
Register Write to Reg: 0x05 Val: 0x1001000C
[inst #160] addi x6,x6,-1
Register Write to Reg: 0x06 Val: 0x00000010
[inst #161] bne x6,x0,-28
[inst #162] lw x10,0(x5)
Register Write to Reg: 0x0A Val: 0x00000003
[inst #163] ori x17,x0,1
Register Write to Reg: 0x11 Val: 0x00000001
[inst #164] auipc x10,64528
Register Write to Reg: 0x0A Val: 0x10010070
[inst #165] addi x10,x10,-32
Register Write to Reg: 0x0A Val: 0x10010050
[inst #166] ori x17,x0,4
Register Write to Reg: 0x11 Val: 0x00000004
[inst #167] addi x5,x5,4
Register Write to Reg: 0x05 Val: 0x10010010
[inst #168] addi x6,x6,-1
Register Write to Reg: 0x06 Val: 0x0000000F
[inst #169] bne x6,x0,-28
[inst #170] lw x10,0(x5)
Register Write to Reg: 0x0A Val: 0x00000005
[inst #171] ori x17,x0,1
Register Write to Reg: 0x11 Val: 0x00000001
[inst #172] auipc x10,64528
Register Write to Reg: 0x0A Val: 0x10010070
[inst #173] addi x10,x10,-32
Register Write to Reg: 0x0A Val: 0x10010050
[inst #174] ori x17,x0,4
Register Write to Reg: 0x11 Val: 0x00000004
[inst #175] addi x5,x5,4
Register Write to Reg: 0x05 Val: 0x10010014
[inst #176] addi x6,x6,-1
Register Write to Reg: 0x06 Val: 0x0000000E
[inst #177] bne x6,x0,-28
[inst #178] lw x10,0(x5)
Register Write to Reg: 0x0A Val: 0x00000008
[inst #179] ori x17,x0,1
Register Write to Reg: 0x11 Val: 0x00000001
[inst #180] auipc x10,64528
Register Write to Reg: 0x0A Val: 0x10010070
[inst #181] addi x10,x10,-32
Register Write to Reg: 0x0A Val: 0x10010050
[inst #182] ori x17,x0,4
Register Write to Reg: 0x11 Val: 0x00000004
[inst #183] addi x5,x5,4
Register Write to Reg: 0x05 Val: 0x10010018
[inst #184] addi x6,x6,-1
Register Write to Reg: 0x06 Val: 0x0000000D
[inst #185] bne x6,x0,-28
[inst #186] lw x10,0(x5)
Register Write to Reg: 0x0A Val: 0x0000000D
[inst #187] ori x17,x0,1
Register Write to Reg: 0x11 Val: 0x00000001
[inst #188] auipc x10,64528
Register Write to Reg: 0x0A Val: 0x10010070
[inst #189] addi x10,x10,-32
Register Write to Reg: 0x0A Val: 0x10010050
[inst #190] ori x17,x0,4
Register Write to Reg: 0x11 Val: 0x00000004
[inst #191] addi x5,x5,4
Register Write to Reg: 0x05 Val: 0x1001001C
[inst #192] addi x6,x6,-1
Register Write to Reg: 0x06 Val: 0x0000000C
[inst #193] bne x6,x0,-28
[inst #194] lw x10,0(x5)
Register Write to Reg: 0x0A Val: 0x00000015
[inst #195] ori x17,x0,1
Register Write to Reg: 0x11 Val: 0x00000001
[inst #196] auipc x10,64528
Register Write to Reg: 0x0A Val: 0x10010070
[inst #197] addi x10,x10,-32
Register Write to Reg: 0x0A Val: 0x10010050
[inst #198] ori x17,x0,4
Register Write to Reg: 0x11 Val: 0x00000004
[inst #199] addi x5,x5,4
Register Write to Reg: 0x05 Val: 0x10010020
[inst #200] addi x6,x6,-1
Register Write to Reg: 0x06 Val: 0x0000000B
[inst #201] bne x6,x0,-28
[inst #202] lw x10,0(x5)
Register Write to Reg: 0x0A Val: 0x00000022
[inst #203] ori x17,x0,1
Register Write to Reg: 0x11 Val: 0x00000001
[inst #204] auipc x10,64528
Register Write to Reg: 0x0A Val: 0x10010070
[inst #205] addi x10,x10,-32
Register Write to Reg: 0x0A Val: 0x10010050
[inst #206] ori x17,x0,4
Register Write to Reg: 0x11 Val: 0x00000004
[inst #207] addi x5,x5,4
Register Write to Reg: 0x05 Val: 0x10010024
[inst #208] addi x6,x6,-1
Register Write to Reg: 0x06 Val: 0x0000000A
[inst #209] bne x6,x0,-28
[inst #210] lw x10,0(x5)
Register Write to Reg: 0x0A Val: 0x00000037
[inst #211] ori x17,x0,1
Register Write to Reg: 0x11 Val: 0x00000001
[inst #212] auipc x10,64528
Register Write to Reg: 0x0A Val: 0x10010070
[inst #213] addi x10,x10,-32
Register Write to Reg: 0x0A Val: 0x10010050
[inst #214] ori x17,x0,4
Register Write to Reg: 0x11 Val: 0x00000004
[inst #215] addi x5,x5,4
Register Write to Reg: 0x05 Val: 0x10010028
[inst #216] addi x6,x6,-1
Register Write to Reg: 0x06 Val: 0x00000009
[inst #217] bne x6,x0,-28
[inst #218] lw x10,0(x5)
Register Write to Reg: 0x0A Val: 0x00000059
[inst #219] ori x17,x0,1
Register Write to Reg: 0x11 Val: 0x00000001
[inst #220] auipc x10,64528
Register Write to Reg: 0x0A Val: 0x10010070
[inst #221] addi x10,x10,-32
Register Write to Reg: 0x0A Val: 0x10010050
[inst #222] ori x17,x0,4
Register Write to Reg: 0x11 Val: 0x00000004
[inst #223] addi x5,x5,4
Register Write to Reg: 0x05 Val: 0x1001002C
[inst #224] addi x6,x6,-1
Register Write to Reg: 0x06 Val: 0x00000008
[inst #225] bne x6,x0,-28
[inst #226] lw x10,0(x5)
Register Write to Reg: 0x0A Val: 0x00000090
[inst #227] ori x17,x0,1
Register Write to Reg: 0x11 Val: 0x00000001
[inst #228] auipc x10,64528
Register Write to Reg: 0x0A Val: 0x10010070
[inst #229] addi x10,x10,-32
Register Write to Reg: 0x0A Val: 0x10010050
[inst #230] ori x17,x0,4
Register Write to Reg: 0x11 Val: 0x00000004
[inst #231] addi x5,x5,4
Register Write to Reg: 0x05 Val: 0x10010030
[inst #232] addi x6,x6,-1
Register Write to Reg: 0x06 Val: 0x00000007
[inst #233] bne x6,x0,-28
[inst #234] lw x10,0(x5)
Register Write to Reg: 0x0A Val: 0x000000E9
[inst #235] ori x17,x0,1
Register Write to Reg: 0x11 Val: 0x00000001
[inst #236] auipc x10,64528
Register Write to Reg: 0x0A Val: 0x10010070
[inst #237] addi x10,x10,-32
Register Write to Reg: 0x0A Val: 0x10010050
[inst #238] ori x17,x0,4
Register Write to Reg: 0x11 Val: 0x00000004
[inst #239] addi x5,x5,4
Register Write to Reg: 0x05 Val: 0x10010034
[inst #240] addi x6,x6,-1
Register Write to Reg: 0x06 Val: 0x00000006
[inst #241] bne x6,x0,-28
[inst #242] lw x10,0(x5)
Register Write to Reg: 0x0A Val: 0x00000179
[inst #243] ori x17,x0,1
Register Write to Reg: 0x11 Val: 0x00000001
[inst #244] auipc x10,64528
Register Write to Reg: 0x0A Val: 0x10010070
[inst #245] addi x10,x10,-32
Register Write to Reg: 0x0A Val: 0x10010050
[inst #246] ori x17,x0,4
Register Write to Reg: 0x11 Val: 0x00000004
[inst #247] addi x5,x5,4
Register Write to Reg: 0x05 Val: 0x10010038
[inst #248] addi x6,x6,-1
Register Write to Reg: 0x06 Val: 0x00000005
[inst #249] bne x6,x0,-28
[inst #250] lw x10,0(x5)
Register Write to Reg: 0x0A Val: 0x00000262
[inst #251] ori x17,x0,1
Register Write to Reg: 0x11 Val: 0x00000001
[inst #252] auipc x10,64528
Register Write to Reg: 0x0A Val: 0x10010070
[inst #253] addi x10,x10,-32
Register Write to Reg: 0x0A Val: 0x10010050
[inst #254] ori x17,x0,4
Register Write to Reg: 0x11 Val: 0x00000004
[inst #255] addi x5,x5,4
Register Write to Reg: 0x05 Val: 0x1001003C
[inst #256] addi x6,x6,-1
Register Write to Reg: 0x06 Val: 0x00000004
[inst #257] bne x6,x0,-28
[inst #258] lw x10,0(x5)
Register Write to Reg: 0x0A Val: 0x000003DB
[inst #259] ori x17,x0,1
Register Write to Reg: 0x11 Val: 0x00000001
[inst #260] auipc x10,64528
Register Write to Reg: 0x0A Val: 0x10010070
[inst #261] addi x10,x10,-32
Register Write to Reg: 0x0A Val: 0x10010050
[inst #262] ori x17,x0,4
Register Write to Reg: 0x11 Val: 0x00000004
[inst #263] addi x5,x5,4
Register Write to Reg: 0x05 Val: 0x10010040
[inst #264] addi x6,x6,-1
Register Write to Reg: 0x06 Val: 0x00000003
[inst #265] bne x6,x0,-28
[inst #266] lw x10,0(x5)
Register Write to Reg: 0x0A Val: 0x0000063D
[inst #267] ori x17,x0,1
Register Write to Reg: 0x11 Val: 0x00000001
[inst #268] auipc x10,64528
Register Write to Reg: 0x0A Val: 0x10010070
[inst #269] addi x10,x10,-32
Register Write to Reg: 0x0A Val: 0x10010050
[inst #270] ori x17,x0,4
Register Write to Reg: 0x11 Val: 0x00000004
[inst #271] addi x5,x5,4
Register Write to Reg: 0x05 Val: 0x10010044
[inst #272] addi x6,x6,-1
Register Write to Reg: 0x06 Val: 0x00000002
[inst #273] bne x6,x0,-28
[inst #274] lw x10,0(x5)
Register Write to Reg: 0x0A Val: 0x00000A18
[inst #275] ori x17,x0,1
Register Write to Reg: 0x11 Val: 0x00000001
[inst #276] auipc x10,64528
Register Write to Reg: 0x0A Val: 0x10010070
[inst #277] addi x10,x10,-32
Register Write to Reg: 0x0A Val: 0x10010050
[inst #278] ori x17,x0,4
Register Write to Reg: 0x11 Val: 0x00000004
[inst #279] addi x5,x5,4
Register Write to Reg: 0x05 Val: 0x10010048
[inst #280] addi x6,x6,-1
Register Write to Reg: 0x06 Val: 0x00000001
[inst #281] bne x6,x0,-28
[inst #282] lw x10,0(x5)
Register Write to Reg: 0x0A Val: 0x00001055
[inst #283] ori x17,x0,1
Register Write to Reg: 0x11 Val: 0x00000001
[inst #284] auipc x10,64528
Register Write to Reg: 0x0A Val: 0x10010070
[inst #285] addi x10,x10,-32
Register Write to Reg: 0x0A Val: 0x10010050
[inst #286] ori x17,x0,4
Register Write to Reg: 0x11 Val: 0x00000004
[inst #287] addi x5,x5,4
Register Write to Reg: 0x05 Val: 0x1001004C
[inst #288] addi x6,x6,-1
Register Write to Reg: 0x06 Val: 0x00000000
[inst #289] bne x6,x0,-28
[inst #290] jalr x0,x1,0
Register Write to Reg: 0x00 Val: 0x0040008C
[inst #291] jal x0,60
Register Write to Reg: 0x00 Val: 0x00400054
[inst #292] wfi 

Program terminated by dropping off the bottom.
