Reading pref.tcl

# 2025.1_2

# vsim -postsimdataflow -debugdb -c -voptargs=""+acc"" tb -do "modelsim_framework.do" -gOUTPUT_TRACE=ms.trace 
# Start time: 09:55:25 on Nov 07,2025
# ** Note: (vsim-3812) Design is being optimized...
# ** Note: (vsim-8611) Generating debug db.
# ** Warning: (vopt-10587) Some optimizations are turned off because the +acc switch is in effect. This will cause your simulation to run slowly. Please use -access/-debug to maintain needed visibility. The +acc switch would be deprecated in a future release.
# ** Note: (vopt-4301) Memory core inferred for signal 'ram' width=32, depth=1024, type=RAM at location proj/src/TopLevel/mem.vhd:35
	# ** Warning: ../../proj/src/TopLevel/Barrel_Shifter.vhd(69): (vopt-1152) Index value -16 is out of index range 31 downto 0 of ieee.std_logic_1164.STD_LOGIC_VECTOR.
# ** Warning: ../../proj/src/TopLevel/Barrel_Shifter.vhd(69): (vopt-1152) Index value -15 is out of index range 31 downto 0 of ieee.std_logic_1164.STD_LOGIC_VECTOR.
# ** Warning: ../../proj/src/TopLevel/Barrel_Shifter.vhd(69): (vopt-1152) Index value -14 is out of index range 31 downto 0 of ieee.std_logic_1164.STD_LOGIC_VECTOR.
# ** Warning: ../../proj/src/TopLevel/Barrel_Shifter.vhd(69): (vopt-1152) Index value -13 is out of index range 31 downto 0 of ieee.std_logic_1164.STD_LOGIC_VECTOR.
# ** Warning: ../../proj/src/TopLevel/Barrel_Shifter.vhd(69): (vopt-1152) Index value -12 is out of index range 31 downto 0 of ieee.std_logic_1164.STD_LOGIC_VECTOR.
# ** Warning: ../../proj/src/TopLevel/Barrel_Shifter.vhd(69): (vopt-1152) Index value -11 is out of index range 31 downto 0 of ieee.std_logic_1164.STD_LOGIC_VECTOR.
# ** Warning: ../../proj/src/TopLevel/Barrel_Shifter.vhd(69): (vopt-1152) Index value -10 is out of index range 31 downto 0 of ieee.std_logic_1164.STD_LOGIC_VECTOR.
# ** Warning: ../../proj/src/TopLevel/Barrel_Shifter.vhd(69): (vopt-1152) Index value -9 is out of index range 31 downto 0 of ieee.std_logic_1164.STD_LOGIC_VECTOR.
# ** Warning: ../../proj/src/TopLevel/Barrel_Shifter.vhd(69): (vopt-1152) Index value -8 is out of index range 31 downto 0 of ieee.std_logic_1164.STD_LOGIC_VECTOR.
# ** Warning: ../../proj/src/TopLevel/Barrel_Shifter.vhd(69): (vopt-1152) Index value -7 is out of index range 31 downto 0 of ieee.std_logic_1164.STD_LOGIC_VECTOR.
# ** Warning: ../../proj/src/TopLevel/Barrel_Shifter.vhd(69): (vopt-1152) Index value -6 is out of index range 31 downto 0 of ieee.std_logic_1164.STD_LOGIC_VECTOR.
# ** Warning: ../../proj/src/TopLevel/Barrel_Shifter.vhd(69): (vopt-1152) Index value -5 is out of index range 31 downto 0 of ieee.std_logic_1164.STD_LOGIC_VECTOR.
# ** Warning: ../../proj/src/TopLevel/Barrel_Shifter.vhd(69): (vopt-1152) Index value -4 is out of index range 31 downto 0 of ieee.std_logic_1164.STD_LOGIC_VECTOR.
# ** Warning: ../../proj/src/TopLevel/Barrel_Shifter.vhd(69): (vopt-1152) Index value -3 is out of index range 31 downto 0 of ieee.std_logic_1164.STD_LOGIC_VECTOR.
# ** Warning: ../../proj/src/TopLevel/Barrel_Shifter.vhd(69): (vopt-1152) Index value -2 is out of index range 31 downto 0 of ieee.std_logic_1164.STD_LOGIC_VECTOR.
# ** Warning: ../../proj/src/TopLevel/Barrel_Shifter.vhd(69): (vopt-1152) Index value -1 is out of index range 31 downto 0 of ieee.std_logic_1164.STD_LOGIC_VECTOR.
# ** Warning: ../../proj/src/TopLevel/Barrel_Shifter.vhd(87): (vopt-1152) Index value -8 is out of index range 31 downto 0 of ieee.std_logic_1164.STD_LOGIC_VECTOR.
# ** Warning: ../../proj/src/TopLevel/Barrel_Shifter.vhd(87): (vopt-1152) Index value -7 is out of index range 31 downto 0 of ieee.std_logic_1164.STD_LOGIC_VECTOR.
# ** Warning: ../../proj/src/TopLevel/Barrel_Shifter.vhd(87): (vopt-1152) Index value -6 is out of index range 31 downto 0 of ieee.std_logic_1164.STD_LOGIC_VECTOR.
# ** Warning: ../../proj/src/TopLevel/Barrel_Shifter.vhd(87): (vopt-1152) Index value -5 is out of index range 31 downto 0 of ieee.std_logic_1164.STD_LOGIC_VECTOR.
# ** Warning: ../../proj/src/TopLevel/Barrel_Shifter.vhd(87): (vopt-1152) Index value -4 is out of index range 31 downto 0 of ieee.std_logic_1164.STD_LOGIC_VECTOR.
# ** Warning: ../../proj/src/TopLevel/Barrel_Shifter.vhd(87): (vopt-1152) Index value -3 is out of index range 31 downto 0 of ieee.std_logic_1164.STD_LOGIC_VECTOR.
# ** Warning: ../../proj/src/TopLevel/Barrel_Shifter.vhd(87): (vopt-1152) Index value -2 is out of index range 31 downto 0 of ieee.std_logic_1164.STD_LOGIC_VECTOR.
# ** Warning: ../../proj/src/TopLevel/Barrel_Shifter.vhd(87): (vopt-1152) Index value -1 is out of index range 31 downto 0 of ieee.std_logic_1164.STD_LOGIC_VECTOR.
# ** Warning: ../../proj/src/TopLevel/Barrel_Shifter.vhd(105): (vopt-1152) Index value -4 is out of index range 31 downto 0 of ieee.std_logic_1164.STD_LOGIC_VECTOR.
# ** Warning: ../../proj/src/TopLevel/Barrel_Shifter.vhd(105): (vopt-1152) Index value -3 is out of index range 31 downto 0 of ieee.std_logic_1164.STD_LOGIC_VECTOR.
# ** Warning: ../../proj/src/TopLevel/Barrel_Shifter.vhd(105): (vopt-1152) Index value -2 is out of index range 31 downto 0 of ieee.std_logic_1164.STD_LOGIC_VECTOR.
# ** Warning: ../../proj/src/TopLevel/Barrel_Shifter.vhd(105): (vopt-1152) Index value -1 is out of index range 31 downto 0 of ieee.std_logic_1164.STD_LOGIC_VECTOR.
# ** Warning: ../../proj/src/TopLevel/Barrel_Shifter.vhd(119): (vopt-1152) Index value -2 is out of index range 31 downto 0 of ieee.std_logic_1164.STD_LOGIC_VECTOR.
# ** Warning: ../../proj/src/TopLevel/Barrel_Shifter.vhd(119): (vopt-1152) Index value -1 is out of index range 31 downto 0 of ieee.std_logic_1164.STD_LOGIC_VECTOR.
# ** Warning: ../../proj/src/TopLevel/Barrel_Shifter.vhd(133): (vopt-1152) Index value -1 is out of index range 31 downto 0 of ieee.std_logic_1164.STD_LOGIC_VECTOR.
# ** Note: (vsim-12126) Error and warning message counts have been restored: Errors=0, Warnings=32.
# //  Questa Sim-64
# //  Version 2025.1_2 linux_x86_64 Apr  7 2025
# //
# // Unpublished work. Copyright 2025 Siemens
# //
# // This material contains trade secrets or otherwise confidential information
# // owned by Siemens Industry Software Inc. or its affiliates (collectively,
# // "SISW"), or its licensors. Access to and use of this information is strictly
# // limited as set forth in the Customer's applicable agreements with SISW.
# //
# // This material may not be copied, distributed, or otherwise disclosed outside
# // of the Customer's facilities without the express written permission of SISW,
# // and may not be used in any way not expressly authorized by SISW.
# //
# Loading std.standard
# Loading std.textio(body)
# Loading ieee.std_logic_1164(body)
# Loading ieee.std_logic_textio(body)
# Loading std.env(body)
# Loading work.tb(mixed)#1
# Loading work.riscv_types(body)
# Loading work.riscv_processor(structure)#1
# Loading ieee.numeric_std(body)
# Loading work.mem(rtl)#1
# Loading work.dmem_out_mux(behavioral)#1
# Loading work.fetch(structural)#1
# Loading work.register_n(structural)#1
# Loading work.dffg(mixed)#1
# Loading work.dffg(mixed)#2
# Loading work.addsub_32bit(mixed)#1
# Loading work.cla_4bit(behavioral)#1
# Loading work.mux2t1_n(structural)#1
# Loading work.mux2t1(structual)#1
# Loading work.invg(dataflow)#1
# Loading work.andg2(dataflow)#1
# Loading work.org2(dataflow)#1
# Loading work.controlsignals(behavioral)#1
# Loading work.register_file(structural)#1
# Loading work.decoder_5t32(behavioral)#1
# Loading work.register_n(structural)#2
# Loading work.mux_32t1(behavioral)#1
# Loading work.immediategenerate(behavioral)#1
# Loading work.alu(mixed)#1
# Loading work.barrel_shifter(structural)#1
# Loading work.mux3t1_n(behavioral)#1
# ** Note: (vsim-8900) Creating design debug database vsim.dbg.
# do modelsim_framework.do
# ** Warning: NUMERIC_STD.TO_INTEGER: metavalue detected, returning 0
#    Time: 0 ns  Iteration: 0  Instance: /tb/MyRiscv/DMem
# ** Warning: NUMERIC_STD.TO_INTEGER: metavalue detected, returning 0
#    Time: 0 ns  Iteration: 0  Instance: /tb/MyRiscv/IMem
# ** Warning: NUMERIC_STD.TO_INTEGER: metavalue detected, returning 0
#    Time: 0 ns  Iteration: 4  Instance: /tb/MyRiscv/DMem
# ** Warning: NUMERIC_STD.TO_INTEGER: metavalue detected, returning 0
#    Time: 0 ns  Iteration: 12  Instance: /tb/MyRiscv/DMem
# ** Warning: NUMERIC_STD.TO_INTEGER: metavalue detected, returning 0
#    Time: 0 ns  Iteration: 13  Instance: /tb/MyRiscv/DMem
# ** Note: Data structure takes 58676680 bytes of memory
#          Process time 0.07 seconds
#          stop
#    Time: 240 ns  Iteration: 1  Instance: /tb
# Break in Process P_DUMP_STATE at /home/gmankow/cpre381/CPRE3810/SingleCycle/cpre3810-toolflow/internal/testpy/tb.vhd line 150
# Stopped at /home/gmankow/cpre381/CPRE3810/SingleCycle/cpre3810-toolflow/internal/testpy/tb.vhd line 150
# End time: 09:55:26 on Nov 07,2025, Elapsed time: 0:00:01
# Errors: 0, Warnings: 37
